2026-05-11 12:19:25,150 INFO OK   pnnl/sds  commit=974a8743b8b45077a95f62272a44c33186ef0621  err=none
2026-05-11 12:19:25,154 INFO OK   dchary/ucdeconvolve  commit=9405cb1552428bbb5f573fb0a49d93e69c8e7d7c  err=none
2026-05-11 12:19:25,181 INFO OK   eEcoLiDAR/laserchicken  commit=52e079b81a49dc41ed58e8d12ffde835b38e5116  err=none
2026-05-11 12:19:25,182 INFO OK   SMDynamicsLab/Paradoxical2022  commit=dbfbc71dd0ca9e113b686ee9d80086cc12cb1722  err=none
2026-05-11 12:19:25,188 INFO OK   AxelRolov/hepato-derep-lignin  commit=f01c861855246cdbcf0cb9f53862fc310e1904f8  err=none
2026-05-11 12:19:25,199 INFO OK   ncbi/elastic-blast-demos  commit=3dbc7a3c5a42cd092e4921beffa8250b523cf0e5  err=none
2026-05-11 12:19:25,203 INFO OK   anyuzx/HIPPS-DIMES  commit=5b8557e98a5f9b5f6ccc059107e5a782bdf4b54d  err=none
2026-05-11 12:19:25,211 INFO OK   ChrisNaes/2021_BNW_skin_microbiome  commit=1753b4dfc4ba67dc825bc66e60b650a45b051657  err=none
2026-05-11 12:19:25,212 INFO OK   physical-biology-of-chromatin/PcG-mESC  commit=fc2374969037a9fa27bce6952f61cd488d4ba11f  err=none
2026-05-11 12:19:25,225 INFO OK   aomlomics/tutorials  commit=f794891e8c49fc39d7303b635fdbb3c1dc518d40  err=none
2026-05-11 12:19:25,227 INFO OK   GMOD/jbrowse-jupyter  commit=d7f1dc774fa90b6f158a401b9c74906ea4f7ad38  err=none
2026-05-11 12:19:25,228 INFO OK   MannLabs/pydiAID  commit=24083dc83ba7be7e9fc656f6b82517ede5a09ff1  err=none
2026-05-11 12:19:25,239 INFO OK   tibbdc/ECMpy  commit=3c2038c2757c8a0891ce251f853d87b1d055028a  err=none
2026-05-11 12:19:25,244 INFO OK   seung-lab/CAVEclient  commit=314277bd0384583c58615904bb5827e2c246dbe3  err=none
2026-05-11 12:19:25,245 INFO OK   stardist/stardist  commit=e80c6de700693bc228ed3c9ba1dc19c3785667ee  err=none
2026-05-11 12:19:25,253 INFO OK   fowler-lab/bashthebug-consensus-dataset  commit=ad3029b0aa8bd62ed9944b2fb65f355cd7ab53ac  err=none
2026-05-11 12:19:25,254 INFO OK   yshen25/EPI_ML  commit=edfb6a595f6452ccf8acf1d36cec06234491fae2  err=none
2026-05-11 12:19:25,261 INFO OK   spacetx/starfish  commit=4183f8138ab71de4b53fc33ad846004fbd941a76  err=none
2026-05-11 12:19:25,265 INFO OK   PrincetonUniversity/pytlas  commit=c7c2422b1a39bbbba60f294bfd08ca0034441fa4  err=none
2026-05-11 12:19:25,269 INFO OK   srcastillo/TALE-Writer  commit=fe0c789a85e7be3bc58d004273001ae6cd2332e7  err=none
2026-05-11 12:19:25,271 INFO OK   ngimber/ImageCorrelationSpectroscopy  commit=9ed3a94c997452cfa4684e6e290f71f8d3397699  err=none
2026-05-11 12:19:25,279 INFO OK   swkasica/pheme-rnr-knowledge-discovery  commit=8ecb4db62c277223537eb2a7b7c573dea69875e4  err=none
2026-05-11 12:19:25,281 INFO OK   mph-/lcapy  commit=67124a5dee7926c76ecee8c3b40b113b6d37546e  err=none
2026-05-11 12:19:25,288 INFO OK   bmrb-io/BMRB-API  commit=c62f8f5f6ea9f05a9e784704e65b7d85cb220e85  err=none
2026-05-11 12:19:25,294 INFO OK   connectome-neuprint/neuprint-python  commit=de683ffca7658ac58fb12cf8b1c221f8fb9d21a3  err=none
2026-05-11 12:19:25,302 INFO OK   araldi/Grigolon-et-al_GRHL1_NatureCommunications  commit=9121432f6a7e9814a5f1908a1f2fa12445e78ecb  err=none
2026-05-11 12:19:25,308 INFO OK   MIT-LCP/mimic-omop  commit=fa5113c3f0777e74d2a6b302322477e6fe666910  err=none
2026-05-11 12:19:25,314 INFO OK   EnzoAndree/FastMLST-Concordance  commit=3cb65123f696bc1da3a612dcfb6b6adc4c082246  err=none
2026-05-11 12:19:25,315 INFO OK   DataResponsibly/hiring-stability-audit  commit=9084c9e7de32c08241dff3a615c8d249e2dfa300  err=none
2026-05-11 12:19:25,318 INFO OK   VisionandCognition/NHP-pycortex  commit=4e4249d2c6c2a41232b786bf4de6b6aefa954a45  err=none
2026-05-11 12:19:25,320 INFO OK   mtinti/polysome_coverage  commit=cd60213ab1777ea23a951b0520d7556379a8da40  err=none
2026-05-11 12:19:25,322 INFO OK   janclemenslab/das_unsupervised  commit=6d87b6e0056ce67f8810a7d8f0e721e392dd270c  err=none
2026-05-11 12:19:25,339 INFO OK   jofrony/Neuromodulation-software  commit=b03fb39734891834dff6c41bb033a80b3e189948  err=none
2026-05-11 12:19:25,340 INFO OK   hyperopt/hyperopt  commit=c49ad148201c81c6ad1b43730ef4d0912734aa37  err=none
2026-05-11 12:19:25,341 INFO OK   MultiplexDX/B117-RT-qPCR-design  commit=18ab1a035a1e68382df3777821b262088d608b8e  err=none
2026-05-11 12:19:25,343 INFO OK   LabTrivedi/MOrgAna  commit=9d16704dd79241bc6a34f727ecb4e6b51d1cd29f  err=none
2026-05-11 12:19:25,343 INFO OK   fooof-tools/DevelopmentalDemo  commit=01dee2b0a60d153e3e1621584861b623f4a06066  err=none
2026-05-11 12:19:25,351 INFO OK   Imteaj10/Data-Analytics-for-COVID-19-Prediction-  commit=6ab016fd6551a771b4cd8d138e22fc47d3ab329a  err=none
2026-05-11 12:19:25,364 INFO OK   m-ama/PyDesigner  commit=7db3056bb99a844681513c93fb36afc0c08f5afe  err=none
2026-05-11 12:19:25,365 INFO OK   jifarquharson/cordon-caulle-ash-vents  commit=dddd583d08b6fb64ce093602fa637a223903d304  err=none
2026-05-11 12:19:25,366 INFO OK   jseidel5/Python-Probabilistic-Regulation-of-Metabolism  commit=52cf82154a26c3a8365cbb80d06f6635b90527ac  err=none
2026-05-11 12:19:25,367 INFO OK   ablab/spades  commit=354f7c47da6e9fd421e3fd593eed375ed3d34951  err=none
2026-05-11 12:19:25,380 INFO OK   ShujiaHuang/geneview  commit=7414bb422660cf376230ee6a174eb082cba18caa  err=none
2026-05-11 12:19:25,386 INFO OK   brainglobe/brainrender  commit=f8e098906db886dd17304fa6c4f967f069c7f54b  err=none
2026-05-11 12:19:25,398 INFO OK   Identity-lab/Tutorial-on-salient-social-Identity-detection-model  commit=bf465b07c2e10a685b3d41d2ca82f1cce98ecf93  err=none
2026-05-11 12:19:25,398 INFO OK   FlyBrainLab/CXcircuits  commit=d4ce38831dc5b78eed34c9e399cd57d15a8c222e  err=none
2026-05-11 12:19:25,400 INFO OK   aguilar-gomez/SingleCellLineageAnalysis  commit=281bdd77eb61ce6ddc39e328d39d7e4bcb93e8fe  err=none
2026-05-11 12:19:25,401 INFO OK   JonETJakobsson/scConnect  commit=546053d7a8a18762b90f4a5e4ca2a76be7a2b459  err=none
2026-05-11 12:19:25,410 INFO OK   SIMEXP/dynamic-states-parcellations  commit=4e1cef32d854b7efd7dd57e09372871f37ba2d49  err=none
2026-05-11 12:19:25,411 INFO OK   krassowski/multi-omics-state-of-the-field  commit=b1296c3f487a5f37374d069c5151370f491b780c  err=none
2026-05-11 12:19:25,415 INFO OK   regicid/Deprivation-antisociality  commit=672d35dc4a1f28a7809b8a4314d4cabe45ae2ccc  err=none
2026-05-11 12:19:25,416 INFO OK   ncfrey/pytopomat  commit=30c6e7ac3c068ee6936d73a1b139c377c58f2de1  err=none
2026-05-11 12:19:25,417 INFO OK   arunneru/theta_gates_reliable_sequences_mEC  commit=2284a6e9472def0edf68552ee37e804691c97e4f  err=none
2026-05-11 12:19:25,423 INFO OK   biocommons/biocommons.seqrepo  commit=72c9091c83e689e7880bc1f0df34326a61dfef18  err=none
2026-05-11 12:19:25,432 INFO OK   vistalab/scitran  commit=dd802420e17526b41ac9b669842cc322d5a2ad51  err=none
2026-05-11 12:19:25,433 INFO OK   NCBI-Hackathons/TheHumanPangenome  commit=5055b4c01af69483709883b2f82fdf208e75d0ec  err=none
2026-05-11 12:19:25,434 INFO OK   LobellLab/csdl  commit=dc3e40ffff0c654429c238a00e2a7ff8cf7f29cf  err=none
2026-05-11 12:19:25,445 INFO OK   MuriloACassiano/papers-methodology  commit=e6007f2e57eb87032dd114b2f664c637545df426  err=none
2026-05-11 12:19:25,447 INFO OK   drcarrot/Data_availability_study  commit=e4161da9ef68a07646c10bec7b13438fb1a4d27e  err=none
2026-05-11 12:19:25,457 INFO OK   lfnothias/FeatureBasedMolecularNetworking_RelativeQuantEval  commit=86ce0a22657a09fe1bc1eed7688d60bb2276b913  err=none
2026-05-11 12:19:25,457 INFO OK   biosoda/tutorial_orthology  commit=5098f73cfac7d50e732600234de18f00fbf49a51  err=none
2026-05-11 12:19:25,462 INFO OK   BadenLab/LED-Zappelin  commit=dc5a1fca1df29ebe028df02473966ed723d06e5a  err=none
2026-05-11 12:19:25,472 INFO OK   scottiadamson/Vex-seq  commit=36d9c4a6e5e74def46b3cada69d3166f08c54bd5  err=none
2026-05-11 12:19:25,476 INFO OK   thunder001/Cancer_origin_prediction  commit=39f066057d1b0cb41730ed5387bb6a5584cf05d2  err=none
2026-05-11 12:19:25,483 INFO OK   akg8/MSY-expression  commit=76f1b2572016fa10e1c7378698ae7af6d6d9fa15  err=none
2026-05-11 12:19:25,485 INFO OK   woutdenolf/spectrocrunch  commit=0a20c46c17f24f90d2e93ec5913dea9f0bc762b3  err=none
2026-05-11 12:19:25,493 INFO OK   ncbi-nlp/BioConceptVec  commit=c36fe124ceec5536dada164661aa62139f1cbaa9  err=none
2026-05-11 12:19:25,494 INFO OK   elifesciences-publications/2020_eLife_pupil_bias  commit=2d143fe5c328b68c6a166326b1d0837c9f513a32  err=none
2026-05-11 12:19:25,502 INFO OK   EBI-COMMUNITY/compare-amr  commit=adc3b1565ccd703919fd91b778922b21f3c24ba0  err=none
2026-05-11 12:19:25,512 INFO OK   leylabmpi/animal_gut_16S-uni  commit=8ff90708f4f004556d0af38262197f41c4519183  err=none
2026-05-11 12:19:25,512 INFO OK   pollen-robotics/reachy  commit=1721c2d93737e576e328bfdb78376d1b0163d3d6  err=none
2026-05-11 12:19:25,525 INFO OK   MaayanLab/x2k_web  commit=061b67dc8a35ae6c0a7d498e78a40cf199a0aa5e  err=none
2026-05-11 12:19:25,536 INFO OK   jwdegee/2020_eLife_pupil_bias  commit=d61a925db007ac790fc3c843310dadfc37401279  err=none
2026-05-11 12:19:25,540 INFO OK   atolgrp/Microbial-G-C-Content  commit=e3e556ff43332585e858d5f68e3d112285523a40  err=none
2026-05-11 12:19:25,548 INFO OK   compsy/personalized-coaching-ml  commit=414db3268fd73a60d9bd25c0cc12253c03c59516  err=none
2026-05-11 12:19:25,553 INFO OK   SumayahR/antibiotic-resistance  commit=5b6ce74b7004b9549615a3a1d8f7fdd12a9b6c0d  err=none
2026-05-11 12:19:25,553 INFO OK   bayesimpact/readmission-risk  commit=5b0f6c93826601e2dbb9c8c276e92801772e17c4  err=none
2026-05-11 12:19:25,569 INFO OK   ajouary/VR_Zebrafish  commit=9136039c89c2984460c7190cb864284cab0ca882  err=none
2026-05-11 12:19:25,574 INFO OK   VertNet/post-harvest-processor  commit=bf48bb1db6c16760b177d71b3b4f46118845635e  err=none
2026-05-11 12:19:25,579 INFO OK   MIT-LCP/mimic-iii-paper  commit=43197c3a381488f5ba1e28a236a1ec9809332d78  err=none
2026-05-11 12:19:25,584 INFO OK   avian2/spectrum-sensing-methods  commit=e4bdf12e72f93f241c145ae0c7137facadd41d3b  err=none
2026-05-11 12:19:25,592 INFO OK   yannaodh/sweeney-2015  commit=24a101a68ab8c746048c1121dc3db2a2c7d99527  err=none
2026-05-11 12:19:25,596 INFO OK   brsynth/active_learning_cell_free  commit=52816965250802a9243183ee391da7c09f08f069  err=none
2026-05-11 12:19:25,598 INFO OK   draeger-lab/pymCADRE  commit=4b6d407b43e6f789ccd1be731744533104f7969b  err=none
2026-05-11 12:19:25,604 INFO OK   IGGoncalves/PhysiCOOL  commit=1799ee7cff854e1b32ff6a239604c1b3cfb68dfe  err=none
2026-05-11 12:19:25,609 INFO OK   cslab-hub/multiSyncPy  commit=cc2de1ff0bd7339cf333783661f6d02cee66e8a4  err=none
2026-05-11 12:19:25,614 INFO OK   BadenLab/Spikeling  commit=05ed23187e42204304b7ff6d435eb4cd60a2c97c  err=none
2026-05-11 12:19:25,618 INFO OK   heprom/pymicro  commit=40ae66df05656d5ec3f4881553826fe85c7dcb88  err=none
2026-05-11 12:19:25,630 INFO OK   matterport/Mask_RCNN  commit=3deaec5d902d16e1daf56b62d5971d428dc920bc  err=none
2026-05-11 12:19:25,631 INFO OK   zmahnoor14/MAW  commit=a8b2df3f3918ee400b236c49b34092959293b41b  err=none
2026-05-11 12:19:25,641 INFO OK   maayanlab/prismexp  commit=e651b1101fa540146e2c97769fc66de9627578da  err=none
2026-05-11 12:19:25,649 INFO OK   biomathman/pycellerator  commit=2b8ab2a8025365dec59eb1f2350f0186a43e9efc  err=none
2026-05-11 12:19:25,653 INFO OK   biorack/omaat  commit=891da9558dc483abca8108b75b7e5e100c8773d1  err=none
2026-05-11 12:19:25,662 INFO OK   morris-lab/CellOracle  commit=7948870a3b70f7d228e54734e1fa9ed3291fc23b  err=none
2026-05-11 12:19:25,675 INFO OK   bioFAM/mofax  commit=e4821fef8b1f9f50afd84a6acb96fcc49445c967  err=none
2026-05-11 12:19:25,680 INFO OK   FABLE-3DXRD/ImageD11  commit=faa83c81dc62a26e71240d586bc20c7f7a2d9895  err=none
2026-05-11 12:19:25,685 INFO OK   spacetelescope/jwst  commit=c1c35e89ce4861cd82492a605684bcba4e76fa2f  err=none
2026-05-11 12:19:25,691 INFO OK   feigroup/TVDN  commit=6dd71172958521f87ad1e773b3ec98f90193bf79  err=none
2026-05-11 12:19:25,695 INFO OK   kramerlab/lipid_study  commit=98ea2eeba773ce04d485b96b19f8d7afaac50fff  err=none
2026-05-11 12:19:25,701 INFO OK   sokrypton/ColabDesign  commit=e31a56fe1d9b4de25c8697f3a28b75892941cc72  err=none
2026-05-11 12:19:25,706 INFO OK   ICB-DCM/pyPESTO  commit=86a0076bcc6bdb28fa43906be6bdb8c39efb08d4  err=none
2026-05-11 12:19:25,710 INFO OK   PNNL-CompBio/Snekmer  commit=1fb5899dc5aa560ec7b10375ae42a5b4c00dcd79  err=none
2026-05-11 12:19:25,715 INFO OK   vincentpmartin/sleep-content-analysis  commit=1469075f34c319d28f02c175d00f536761579139  err=none
2026-05-11 12:19:25,721 INFO OK   aalokpatwa/rasp-mibi  commit=31f8ba22cd4d881b03603ab65d7bab6fca0a80b4  err=none
2026-05-11 12:19:25,726 INFO OK   poldracklab/fitlins  commit=fffc0774976db73cdb83c90d2d686194f2c07c41  err=none
2026-05-11 12:19:25,726 INFO OK   VisualNeuroscience-UH/SystemTools  commit=b156969580513aa947c3ecb82032f89010ed6b2d  err=none
2026-05-11 12:19:25,728 INFO OK   catrionamurray/chromatic_fitting  commit=4faea658e8679157bad6c93d6080be4336a9000c  err=none
2026-05-11 12:19:25,737 INFO OK   VisualNeuroscience-UH/CxSystem2  commit=8998b1295d062a8776c31d5da041ba14f859466b  err=none
2026-05-11 12:19:25,742 INFO OK   isb-cgc/SL-Cloud-F1000  commit=5cb989832e47286ff35f3416385b200211c161c6  err=none
2026-05-11 12:19:25,743 INFO OK   cytoscape/ipycytoscape  commit=d4235b2635b11a3703f71aedf5c0bf0539ca469a  err=none
2026-05-11 12:19:25,750 INFO OK   mims-harvard/PrimeKG  commit=3f2f8dbb587beb6396b1947b9a5cf9dffb370bbc  err=none
2026-05-11 12:19:25,751 INFO OK   ieee8023/covid-chestxray-dataset  commit=78543292f8b01d5e0ed1d0e15dce71949f0657bb  err=none
2026-05-11 12:19:25,752 INFO OK   idc9/py_jive  commit=018712dcf46ccbe73a424783815c628ebbd924de  err=none
2026-05-11 12:19:25,760 INFO OK   Luthey-Schulten-Lab/Minimal_Cell  commit=db048aca5fe85438e0129819bbf0314b037dd931  err=none
2026-05-11 12:19:25,762 INFO OK   AstraZeneca/jazzy  commit=f088fc0d7a96e101632965ba16245ab304d863e4  err=none
2026-05-11 12:19:25,769 INFO OK   hms-dbmi/vizarr  commit=be7ccc260e848a2829873c8746f32b4f43599435  err=none
2026-05-11 12:19:25,778 INFO OK   ome/omero-guide-python  commit=17536a9e5f83241b2ca7eff9f26ce28b77958cf5  err=none
2026-05-11 12:19:25,784 INFO OK   open2c/pairtools  commit=83ad59199b4d89aabfa72331b5e89d52b7786b19  err=none
2026-05-11 12:19:25,789 INFO OK   dmnfarrell/epitopepredict  commit=ab9dcce78acadf1e1d180c4776c43308120561eb  err=none
2026-05-11 12:19:25,805 INFO OK   utkoomie/delivery-mode  commit=7679cda6e618555a2ccf2fe11f39b97d22767de4  err=none
2026-05-11 12:19:25,810 INFO OK   dpeerlab/Palantir  commit=dbcc349e990e54acc301c0317cf8192fb371d3be  err=none
2026-05-11 12:19:25,815 INFO OK   AthenaEPI/dmipy  commit=19514ddf6ac37c1919a2268eeb014a20e0779329  err=none
2026-05-11 12:19:25,819 INFO OK   fsspec/kerchunk  commit=3cd5ddc00f22bf9ec8664552aa49f3e992c486fb  err=none
2026-05-11 12:19:25,824 INFO OK   lindawangg/COVID-Net  commit=9645505646161c7eae5fc1a8ecbfa34a77551f2f  err=none
2026-05-11 12:19:25,829 INFO OK   willtownes/nsf-paper  commit=0cacf8352e09d223ab8d4421025195358bbde8df  err=none
2026-05-11 12:19:25,830 INFO OK   mohaEs/PyVisualField  commit=09d2f96531c831a7fedf6b8da0de34767e7ff459  err=none
2026-05-11 12:19:25,838 INFO OK   rinikerlab/irsa  commit=790b138ea4381fd2a844d269c24cf1ef4807f9f9  err=none
2026-05-11 12:19:25,839 INFO OK   abestshef/fluctuating  commit=cef57bffcf45760d9e744a34ed3b7ee9e7e81b75  err=none
2026-05-11 12:19:25,847 INFO OK   kepsi/Pathonoia  commit=6abbc8e2ca3b24bde644ec0b794799ea2e98582e  err=none
2026-05-11 12:19:25,848 INFO OK   feilab-hust/VCD-Net  commit=877ec8da80d4e91c25e57072947243d33779b4b9  err=none
2026-05-11 12:19:25,848 INFO OK   IDAEA-EVS/Isocompy  commit=538c698be26c7edd80b4478456f607a0f7c36249  err=none
2026-05-11 12:19:25,851 INFO OK   gosling-lang/gos  commit=7df935f6ec156639d70f31d9d9ceb65af1366615  err=none
2026-05-11 12:19:25,854 INFO OK   BogdanBintu/ChromatinImaging  commit=1371c5763c7afcbcdfd2fb03cf8c19ca8cb7ede8  err=none
2026-05-11 12:19:25,864 INFO OK   twardlab/joint_graph_embedding_AD  commit=a7a7d29a76631721fc331bd580db722386cc742c  err=none
2026-05-11 12:19:25,875 INFO OK   cns-iu/ccf-research-kaggle-2022  commit=b51f58fffade657d4559c54f388fbfc305845653  err=none
2026-05-11 12:19:25,876 INFO OK   biosustain/GRASP  commit=906c562d99609682d86983b883521c3c507a4b50  err=none
2026-05-11 12:19:25,881 INFO OK   NPLinker/nplinker  commit=33400aea0a1eacf05ead24bee9926013874baa95  err=none
2026-05-11 12:19:25,885 INFO OK   Daria-Br/TCGA_clustering  commit=03a8e65668b3124c8256afa27fa5f992dab0fd4d  err=none
2026-05-11 12:19:25,894 INFO OK   lindermanlab/ssm  commit=eb6c8aa33e5311d3564075807dec340759dd8081  err=none
2026-05-11 12:19:25,898 INFO OK   matthiaskoenig/sbmlsim  commit=67d7a76f0534c025a143876df2845df08b407bcc  err=none
2026-05-11 12:19:25,903 INFO OK   sys-bio/tellurium  commit=384cdfd7e5f87a51798ab99a8af68360d293114f  err=none
2026-05-11 12:19:25,905 INFO OK   JBEI/clusterCAD  commit=50471c2dd642a0f7ee7dc3c5bd9bd5e4ae82862c  err=none
2026-05-11 12:19:25,909 INFO OK   HCVE/echo-clustering  commit=c6b42700a38f2f5aaf0031fc9c5a278850d34eef  err=none
2026-05-11 12:19:25,912 INFO OK   kjappelbaum/aeml  commit=e8bf0685fdfdea63d486daba626bf6bbecbac9bb  err=none
2026-05-11 12:19:25,921 INFO OK   zhaoyj21/morphology_complexity  commit=0f079f956a26e583615d94ea37e1328de3fc09da  err=none
2026-05-11 12:19:25,931 INFO OK   esa/NIDN  commit=a7416d3b8450a64a2855f4f13b6fc774485bef4f  err=none
2026-05-11 12:19:25,935 INFO OK   MIT-LCP/mimic-code  commit=57069783095e7770e66ea97da264c0200078ddbf  err=none
2026-05-11 12:19:25,936 INFO OK   AMC-LAEB/PATAT-sim  commit=20587b85bf7b73c186a9dcaf98933116dc9bf0be  err=none
2026-05-11 12:19:25,945 INFO OK   anant-dadu/PDProgressionSubtypes  commit=bb3b207960f830c483081bcaf9fea378c6693f91  err=none
2026-05-11 12:19:25,951 INFO OK   epurdom/cobolt  commit=cea9a5c6297326aca00a10aeaa198d21b07e4889  err=none
2026-05-11 12:19:25,955 INFO OK   YosefLab/totalVI_reproducibility  commit=27d65a9c49182f39df0c4325249bc7dc8e663dd0  err=none
2026-05-11 12:19:25,960 INFO OK   zqfang/GSEApy  commit=d8464b6112bfaf6d9376da376be1d4ce7f56cc20  err=none
2026-05-11 12:19:25,967 INFO OK   SCCAF/sccaf  commit=4c43fd68f7e7c33a97bae8c3d686859d30521ef5  err=none
2026-05-11 12:19:25,971 INFO OK   aertslab/pySCENIC  commit=06bafba412792f6efa5a552a23bb221cc3bdea1b  err=none
2026-05-11 12:19:25,973 INFO OK   mljar/mljar-supervised  commit=89a22f86577719a32b7d8f8fdee4d12ea53e0b22  err=none
2026-05-11 12:19:25,981 INFO OK   galaxyproject/training-material  commit=c7a2b2836caf8bf9adf8a1a8bfb5ae5f6d64b480  err=none
2026-05-11 12:19:25,982 INFO OK   polly-code/lammps_le  commit=6e6c3cf461ca75c3755cc7fdf7c9891934d69dc7  err=none
2026-05-11 12:19:25,990 INFO OK   mouseland/cellpose  commit=94ae120369bdaea12da4921b81bc1fc7c8360558  err=none
2026-05-11 12:19:25,991 INFO OK   MouseLand/cellpose  commit=94ae120369bdaea12da4921b81bc1fc7c8360558  err=none
2026-05-11 12:19:26,000 INFO OK   openforcefield/openff-toolkit  commit=6e2fc3520f1dce0f4f79e5674446b348ceadeba8  err=none
2026-05-11 12:19:26,004 INFO OK   cparker-uc/VeVaPy  commit=52bcebccd3ebd40285b177cf53eb673d64375f26  err=none
2026-05-11 12:19:26,005 INFO OK   BalzaniEdoardo/PGAM  commit=3b2d1c24f6dad40efe97d5bb5aa8abe626144454  err=none
2026-05-11 12:19:26,010 INFO OK   bokulich-lab/q2-fondue-examples  commit=06b708cc685c30b6c11467243ab838ec45bdef1c  err=none
2026-05-11 12:19:26,018 INFO OK   phageghost/python-genome-browser  commit=c052bb72ca89664f48d1248b5a4500482c823ee7  err=none
2026-05-11 12:19:26,023 INFO OK   QuantStack/ipyigv  commit=b78614ad42c7cc12b199e29b660dea2a155d5264  err=none
2026-05-11 12:19:26,028 INFO OK   shuzhao-li/khipu  commit=ce2db0ce35fc59a58e0ec9da9ae72e22bced3b4b  err=none
2026-05-11 12:19:26,030 INFO OK   indralab/gilda  commit=1f7bc2a70ca0b89fe26339000810e8d2ddf5ce84  err=none
2026-05-11 12:19:26,037 INFO OK   pchlenski/misdeed  commit=172ccf793a2c220d1eda7cd6fe08540b6194cd56  err=none
2026-05-11 12:19:26,041 INFO OK   scikit-learn-contrib/hdbscan  commit=f62160e304b0dd45f58c93de9dc75c5d2c4c2d0b  err=none
2026-05-11 12:19:26,047 INFO OK   predictive-clinical-neuroscience/braincharts  commit=5a1a7822e6f54405b0a826cf137d584240af307c  err=none
2026-05-11 12:19:26,051 INFO OK   aidelarazan/curbage_recognition  commit=c089aa93cfbb4a8362de16792172f8b5a5ddd78e  err=none
2026-05-11 12:19:26,064 INFO OK   Dongwon-Lee/gkmQC-manuscript  commit=5090818e1648d4238eb37602ec282d8480ecc678  err=none
2026-05-11 12:19:26,069 INFO OK   nahitorres/aerialwaste  commit=43a7f5dd4118c8853dc22e7b46c01388da1b3d44  err=none
2026-05-11 12:19:26,074 INFO OK   openforcefield/openforcefield  commit=6e2fc3520f1dce0f4f79e5674446b348ceadeba8  err=none
2026-05-11 12:19:26,081 INFO OK   microsoft/genomicsnotebook  commit=e91b69768c74c7f9a277194e95b7c30631c142f5  err=none
2026-05-11 12:19:26,085 INFO OK   rene2718/EIRINI_rnaseq  commit=2672fcac85ca6361a112b15dd61b5482ecf8edb4  err=none
2026-05-11 12:19:26,092 INFO OK   sjsabin/minion_hrp2_project  commit=77e4c08093399b6504c5386512d43fb93d15f793  err=none
2026-05-11 12:19:26,105 INFO OK   amehrjou/Pyfectious  commit=17aa68c32beb6482b48cd625b7d0989d5a981e66  err=none
2026-05-11 12:19:26,121 INFO OK   mlcotten13/SARS-CoV-2_spike_charge  commit=6c6b9c24132875ff6eecd39ce4822a91286f4388  err=none
2026-05-11 12:19:26,126 INFO OK   mdjaffardjy/Reuse_in_processes  commit=1530c35c98652de293d5814f06c5b2970bab244e  err=none
2026-05-11 12:19:26,142 INFO OK   sealx017/RCFGL  commit=f57d2596601740c18231c59b8bf180e9b6e7a229  err=none
2026-05-11 12:19:26,149 INFO OK   WahlinLab/Retinal-Organoid-ATAC-RNAseq_Cells_2022  commit=507ef5bb80d6b415bf1885be96fac67c956ddf85  err=none
2026-05-11 12:19:26,163 INFO OK   OroLabStanford/SNP_Prioritization_Pipeline  commit=44e0f51a21ff4a7d45a63bfc2bb12480a5efd1c9  err=none
2026-05-11 12:19:26,168 INFO OK   vanheeringen-lab/ANANSE-CAGE  commit=051fd80f70c837f95d7c6e201f7d78057f1bf3f1  err=none
2026-05-11 12:19:26,172 INFO OK   mahsa-mirzaei/NMAOP_M-M_wo-ZP-  commit=3ec7c6562e087a854b0116c6d6ee4d7406967ff5  err=none
2026-05-11 12:19:26,173 INFO OK   impires/JupyterNotebooksECGData  commit=14de1fcd50633ad0cdb7a9057102489057248636  err=none
2026-05-11 12:19:26,180 INFO OK   syseng-ostrava/3-level-opinion-aggregation  commit=2f6544fa9457e7ab0728ecc78f5843bb00e964a3  err=none
2026-05-11 12:19:26,187 INFO OK   gustavsganzerla/covid-biomarker  commit=1d45cc42e9b9a158db8a794531611030d9819aca  err=none
2026-05-11 12:19:26,189 INFO OK   Mangul-Lab-USC/pyTCR_publication  commit=bf0127e817f3b173337a60e6cfab8c32a30f565b  err=none
2026-05-11 12:19:26,195 INFO OK   Garg-Lab/Sponge-and-dervied-Bacteria-Blank-Subtraction-2022  commit=216d2b33c8e3021f8267df0b6603714b8cade2bf  err=none
2026-05-11 12:19:26,215 INFO OK   no85j/hypoxia_code  commit=4bc4ab6d4d98d8c4f8ee7aab3a1fdb37867b3e43  err=none
2026-05-11 12:19:26,223 INFO OK   AllenCell/aics-segmentation  commit=d5bf6a820869e8430e37ab814e664497bcf32c08  err=none
2026-05-11 12:19:26,229 INFO OK   Bob05757/Renewable-energy-generation-input-feature-variables-analysis  commit=efe508dfe76b33fe437e2e6d3274534b50cc2f37  err=none
2026-05-11 12:19:26,234 INFO OK   jurgjn/af2_pockets  commit=a43bca1377d839890225b70522d91b231b8d394e  err=none
2026-05-11 12:19:26,241 INFO OK   neuroscout/pyNS  commit=304b4c9ba454188b9e43efabb4c2c7ff2fac90a6  err=none
2026-05-11 12:19:26,250 INFO OK   LucisQ/Rank-order  commit=4813326bba791c12818be4e5a54172b57541b9cf  err=none
2026-05-11 12:19:26,255 INFO OK   robertacappabianca/SM_AuNP_PLGA  commit=8e052121f3dbb0814c88001014397cdeecc42ae2  err=none
2026-05-11 12:19:26,259 INFO OK   cplata21210/UnityIndex  commit=ef0242434ab1a4504f67fa42315c838923681678  err=none
2026-05-11 12:19:26,264 INFO OK   abhamacher/timelapseMic_MbxA  commit=3db682016ac81f809f736d992d8d0d4c49a1710b  err=none
2026-05-11 12:19:26,268 INFO OK   ashrafilab/SynATP-Analysis  commit=f99f6980cdd2e5c2bb47208e6eabbc4875569b58  err=none
2026-05-11 12:19:26,273 INFO OK   mkturkcan/FeedbackCircuits  commit=e2c0a6517bcd4a9c8e5918136f773e0139fc67ec  err=none
2026-05-11 12:19:26,277 INFO OK   bioexcel/biobb_remote  commit=cb3f4f99e591ef6548bacdaa839c73a402a52022  err=none
2026-05-11 12:19:26,283 INFO OK   Heidy-Elkhaligy/Comparative-Analysis-of-Structural-Features-in-SLiMs-from-Eukaryotes-Bacteria-and-Viruses  commit=891eb7fbc5be0053f6cb096e612949e364c005dc  err=none
2026-05-11 12:19:26,291 INFO OK   engjen/cycIF_Validation  commit=810b1210892a3ff28e6e580e89e5586e702aad9f  err=none
2026-05-11 12:19:26,304 INFO OK   helenamrusso/Malpighiaceae_supplementary  commit=6024b93cd727e36b192b6068c9acf58355f7fecb  err=none
2026-05-11 12:19:26,308 INFO OK   d-que/Lig2Apo  commit=1c1a95d2e5a019882f52d3e5db1cb5ab66a63760  err=none
2026-05-11 12:19:26,316 INFO OK   bintulab/Spreading_Lensch_2022  commit=e427d21074b63ad6bd708ae497a1b182ecd286fe  err=none
2026-05-11 12:19:26,321 INFO OK   microsoft/fastmri-plus  commit=67ed9a68ee33d3197f93893e8125688470c4a577  err=none
2026-05-11 12:19:26,321 INFO OK   mkelly9513/OV-Project-One  commit=fa50d8c171103ad4bd9baa9409ccc4bffd147abb  err=none
2026-05-11 12:19:26,329 INFO OK   Alex-Rosenberg/cell-2015  commit=ca54d1117fd28375260bfde3d1b46f3d6074f306  err=none
2026-05-11 12:19:26,330 INFO OK   simslab/riboPLATE-seq  commit=a81cc13501537ee511f98e32316ef8ac19250642  err=none
2026-05-11 12:19:26,336 INFO OK   berthubert/antonie2  commit=292db3d89bcfb00ea067beb21c7f8dad1ef25a69  err=none
2026-05-11 12:19:26,346 INFO OK   marvinm2/AOPWikiRDF  commit=2db4262ec2b39063a82f849f492533ceadfb9350  err=none
2026-05-11 12:19:26,349 INFO OK   arjun-ashoka/KKR_Spectral_Analysis  commit=749638c807edb18d7bf45123cb15a4ce81103ce1  err=none
2026-05-11 12:19:26,356 INFO OK   rkamaleswaran/VOCpath  commit=919c8bd1f0a33cf71db1aa16dab7f35af009f4fb  err=none
2026-05-11 12:19:26,363 INFO OK   BrendelGroup/iLoci_SLB22NARGB  commit=6c73fc5229a3056e4e5797670fa4d28aac79eddc  err=none
2026-05-11 12:19:26,369 INFO OK   venkatkapil24/data_molecular_fluctuations  commit=ca0aa7820e4cef0a730dc7d87c7f0cd4888e74ea  err=none
2026-05-11 12:19:26,377 INFO OK   jefflee1103/Lee_Wing-SARS2  commit=bf463e797c51f1a72de075ac1c9d60abf6fd5863  err=none
2026-05-11 12:19:26,383 INFO OK   luslab/ahr-tead-motif-analysis  commit=92b4c2e16c43dadb1982f6ed40d2fb0fe4bcb19a  err=none
2026-05-11 12:19:26,385 INFO OK   StaafLab/SRIQ  commit=785e6aad819c4af0321c62d0fd14028b0ce380bb  err=none
2026-05-11 12:19:26,386 INFO OK   industrial-optimization-group/Interactive-Multiobjective-Optimization-for-Finding-the-Most-Suitable-Exercise-Therapy-in-Knee-Osteo  commit=01081fba89ef0143e5896dd0216456759ea7339e  err=none
2026-05-11 12:19:26,395 INFO OK   arash-hajikhani/Bigprod_FOS  commit=2ebaa8e6e33db7c2d2fa2b259cd3d24662be8559  err=none
2026-05-11 12:19:26,398 INFO OK   jonascremer/lagtimemodeling  commit=f74a10de0b1ca059d5541ba391722bd7460d0b78  err=none
2026-05-11 12:19:26,406 INFO OK   protonzilla/Light-Potentials-in-Field  commit=5d15c811ab0d74c09f5318abe64a53991f11eb17  err=none
2026-05-11 12:19:26,412 INFO OK   RaphaelWimmer/COVID-19-Mobility-vs-Mortality  commit=d4b4228c89dedd690e84c1de694216479a6822f9  err=none
2026-05-11 12:19:26,416 INFO OK   abyzovlab/CNVpytor  commit=3b8df1a2ce50b1fc8f55c2bf50340a0abab76f31  err=none
2026-05-11 12:19:26,417 INFO OK   COSPOV/sc-SynO  commit=3048247b82940f235e7304680a52299f67467a59  err=none
2026-05-11 12:19:26,426 INFO OK   ciminilab/2021_Jamali_submitted  commit=1b6fe9110623a68aa12ed5034933cc07efc1a6e5  err=none
2026-05-11 12:19:26,439 INFO OK   twardlab/synapse_labeling  commit=5a274f9cb8afbad23bea698f02e43418e136ca8d  err=none
2026-05-11 12:19:26,455 INFO OK   smkirby/combinatoriality  commit=ec31adce809ab6859a373c35803a8739a6fe7577  err=none
2026-05-11 12:19:26,520 INFO OK   lhqing/omb  commit=3476a6c377dbac621e6328004d6fd73f7b7c4fbb  err=none
2026-05-11 12:19:26,524 INFO OK   jessecanada/PTEN_Fly  commit=87abfb33beb0e0d523dca4ac1989f79c666ed478  err=none
2026-05-11 12:19:26,528 INFO OK   mwu228/Summer2021  commit=77ef3f534831505ce66c93887eff8ff620021286  err=none
2026-05-11 12:19:26,532 INFO OK   duke-malaria-collaboratory/Sickle-trait-RNAseq  commit=5f0897503d1ac8f31e9fd56efbb61e41e5f578b1  err=none
2026-05-11 12:19:26,541 INFO OK   matchms/ms2deepscore  commit=990e3cf1a48ff4ea6737b0133b661767a115e461  err=none
2026-05-11 12:19:26,546 INFO OK   febos/urs_aminors  commit=e6a53eae5902b9ea01aa52f7b7ca905a4e028808  err=none
2026-05-11 12:19:26,559 INFO OK   ClancyLabUCD/Multitask_network  commit=99786a0d3396f4fd538ac80c2bb719724ba07c6f  err=none
2026-05-11 12:19:26,583 INFO OK   SwissTPH/TBRU_RIFcost  commit=8aab72ef119890320cf86e0fe8137be5bf2117e7  err=none
2026-05-11 12:19:26,588 INFO OK   makism/dyconnmap  commit=cbef247e635d55cb1489ba1e429d9d472b501b56  err=none
2026-05-11 12:19:26,588 INFO OK   ebmdatalab/antidepressant-trends-paper  commit=d8462e1cceb434a0b471b910c93a04b10ff5df63  err=none
2026-05-11 12:19:26,600 INFO OK   dbrvs/seeding  commit=649d35827621a3114b6281caa1509419b473e1b1  err=none
2026-05-11 12:19:26,604 INFO OK   brettbj/association-robustness  commit=a088f182812b63b218bfc2c269c09492c19254d3  err=none
2026-05-11 12:19:26,608 INFO OK   CompBioLj/GEMS_and_MEMS  commit=46bfca2f0c865e3bb364550d6e75c21f7cc0a830  err=none
2026-05-11 12:19:26,623 INFO OK   harrispopgen/mushi-pipelines  commit=222be50ac80c05db390916c46302486ad2ee8602  err=none
2026-05-11 12:19:26,637 INFO OK   juliangruendner/criteria-based-selection-fhir  commit=ea90c0bd6f636f92b59fec824deb5acba5b8583b  err=none
2026-05-11 12:19:26,654 INFO OK   danielramskold/additive_risk_heterogeneity_multiplicative_risk_synergism2  commit=700b7e202021fe6f375ead36aea75cce64039e71  err=none
2026-05-11 12:19:26,705 INFO OK   npavlovikj/ProkEvo  commit=3beca9c687a8e455ba4351872ce3750086d351e6  err=none
2026-05-11 12:19:26,723 INFO OK   shainalu/spatial_rep  commit=f7fc180e969a130e42536c34eac45f2a35d7e411  err=none
2026-05-11 12:19:26,728 INFO OK   maceng4/Monodelphis_Ladder_Rung  commit=eb721c937ca82d93ee1f95b5bfbbbeebd0f956bb  err=none
2026-05-11 12:19:26,732 INFO OK   maslov-group/ML_human_gut  commit=5e5451ef27f4df12b3c9192793f068c1d8c57906  err=none
2026-05-11 12:19:26,745 INFO OK   labtanaka/meyer_lungfish  commit=3b89ce209359dc09aa232bde2954e1b451edc935  err=none
2026-05-11 12:19:26,750 INFO OK   rivas-lab/biomarkers  commit=8b494f64c5eef988299917ca511c97a44a190972  err=none
2026-05-11 12:19:26,755 INFO OK   nkinney06/dockerizedEBML  commit=c1768bff29760aec86dcccb9aea24a0fa140d06c  err=none
2026-05-11 12:19:26,760 INFO OK   perrierlab/Carlsen_et_al_2021  commit=8cca0a72966ea106b94d0b4b2a95b2d04591ae24  err=none
2026-05-11 12:19:26,766 INFO OK   mdjaffardjy/AnalyseDonneesNextflow  commit=1a03b9b88da238d430f577f65c39f4377375edcb  err=none
2026-05-11 12:19:26,779 INFO OK   jwrth/xDBiT_toolbox  commit=aa6bd12f654ed78827654d83d208aa0f644cf4bb  err=none
2026-05-11 12:19:26,787 INFO OK   LM-UGent/SPeDE  commit=5581af49765e1e160da9c5e58995c69242650978  err=none
2026-05-11 12:19:26,792 INFO OK   carlosvega/DebunkMonkeypoxML  commit=a1e355135366c0af264aebf4c01c48e8a3675b01  err=none
2026-05-11 12:19:26,804 INFO OK   csabaiBio/RBD-AlphaFold2-structures-and-phenotypic-information  commit=ebb076395bc533b09496ae80cfe0b5579b7c6d1d  err=none
2026-05-11 12:19:26,817 INFO OK   dchary/ucdeconvolve_paper  commit=8a3cebd3ac45d7e3fe98e0c54b260d22e96eef50  err=none
2026-05-11 12:19:26,853 INFO OK   combio-dku/HiCAT  commit=6c30c7e680b11c134fda4815a237e5b1d796d38a  err=none
2026-05-11 12:19:26,874 INFO OK   Bristol-UNCOVER/Saliva_data_ML_analysis  commit=ec2e1a4362940b7ebb4da14ae431d168e0ee175e  err=none
2026-05-11 12:19:26,886 INFO OK   hechaohong/nucleu_areas  commit=21883bdd83b016c01c107d8731a162bbb91da68a  err=none
2026-05-11 12:19:26,893 INFO OK   rinikerlab/decapeptides-membrane  commit=514abb34019907af49c0b96d36968de5bec425ce  err=none
2026-05-11 12:19:26,898 INFO OK   ai4up/eubucco  commit=59ca20a7f43537801ad33904f037ad11a260346e  err=none
2026-05-11 12:19:26,902 INFO OK   fcphysics/CriticalityHeteroBNets  commit=27278e8f4cc63b91d07604123a487a9398e2b099  err=none
2026-05-11 12:19:26,908 INFO OK   rionbr/CANA  commit=cb2a53875c61f72c193b24e72efa3d1b79786b50  err=none
2026-05-11 12:19:26,913 INFO OK   theislab/paga  commit=d5688a38d9054c6fcea7302023afa0510cd3577a  err=none
2026-05-11 12:19:26,917 INFO OK   BelgianBiodiversityPlatform/data-publication-ITG  commit=3722ef1a1a8dfd85d65939389522ba5cd7d9f281  err=none
2026-05-11 12:19:26,922 INFO OK   mme-ucl/confined_LLPS  commit=b86202f556d0a30fb1553fbe952703cbf3edd623  err=none
2026-05-11 12:19:26,925 INFO OK   zmahnoor14/MAW-Benchmark  commit=cc5445e9a117901c9270fe3c9c0a8bee3a24f15c  err=none
2026-05-11 12:19:26,932 INFO OK   baprice/AJIVE-jDR-Integration  commit=4a57d3ba3c3bee309a3b8d212c1210491ccef6ad  err=none
2026-05-11 12:19:26,940 INFO OK   DWALab/Osterlund_et_al_2021_BIK_Localization  commit=0769f47a8573c4c3278d20714b52a4a8448bcc33  err=none
2026-05-11 12:19:26,944 INFO OK   gambit4348/deception-detection-review-2022  commit=9d4c3ad082384570674e6297bc57b64801f1205a  err=none
2026-05-11 12:19:26,949 INFO OK   gnn4dr/DRKG  commit=d4bb1974312013c4bd79a13e42c1d9492033f8c7  err=none
2026-05-11 12:19:26,954 INFO OK   aos2/7_Plug_and_play_RNA_Detection  commit=6289ffd6471b09e1c21806a4100ce32eb2ceb476  err=none
2026-05-11 12:19:26,959 INFO OK   atudell/Color-Cluster-Kit  commit=c39e9f5c83287779a3fc4050eace8dfb5c378fdd  err=none
2026-05-11 12:19:26,964 INFO OK   aodn/imos-user-code-library  commit=292535477ee463d7c8d941ee04e5d65babfdc8e8  err=none
2026-05-11 12:19:26,969 INFO OK   zj-zhang/CHARM-AlternativeSplicing  commit=4494cd85b4b980eb001d80a2b5eb42491b237e06  err=none
2026-05-11 12:19:26,975 INFO OK   tnowotny/bee_al_2021  commit=c07d7660ecd85b30ba6b632ebb4cc9aa0b87acd8  err=none
2026-05-11 12:19:26,984 INFO OK   starchevskayamaria17/uncoVir  commit=a325ab2709c63c41aa87036922ad087d7fff3ffb  err=none
2026-05-11 12:19:26,993 INFO OK   hwei77/HeavyMetalML  commit=8db0083a884579ef73c4947ca0dcc9739b660011  err=none
2026-05-11 12:19:26,999 INFO OK   open2c/open2c_vignettes  commit=1c70320e5e4998de049ad9dce6e9384311e28778  err=none
2026-05-11 12:19:27,011 INFO OK   jump-cellpainting/jump-scope-analysis  commit=fd511aad1728f8040d692bb5cd5dd5e8466ff0a0  err=none
2026-05-11 12:19:27,024 INFO OK   statbiophys/thymic_development_2022  commit=b70be7155c544f387e95aac0f3180baf56caa849  err=none
2026-05-11 12:19:27,033 INFO OK   klarman-cell-observatory/skin-ILCs  commit=71ea6744052c91850201f3ece4c413fa9c93ef5a  err=none
2026-05-11 12:19:27,037 INFO OK   Luthey-Schulten-Lab/Lattice_Microbes  commit=bc58524c2d76c1b84313672b72b140f7f40b7819  err=none
2026-05-11 12:19:27,052 INFO OK   dms-vep/SARS-CoV-2_Omicron_BA.1_spike_DMS_mAbs  commit=51aede6629c5c409fa25f21f29e5ba5b8e5695c5  err=none
2026-05-11 12:19:27,056 INFO OK   dms-vep/SARS-CoV-2_Delta_spike_DMS_REGN10933  commit=717423f6dfdf5f44d04d9dc1cb08971da4dda8d1  err=none
2026-05-11 12:19:27,060 INFO OK   drummondlab/highly-charged-regions-2022  commit=5c1723c94bb88bbac1ea152430d5fd1f8171298d  err=none
2026-05-11 12:19:27,071 INFO OK   jbloomlab/SARS-CoV-2-BA.1_Spike_DMS_validations  commit=cafb4646ad864e2618b4aee4e651f45d806aa9be  err=none
2026-05-11 12:19:27,075 INFO OK   jbloomlab/SARS-CoV-2-Delta_Spike_DMS_validations  commit=74cf7c6b4e2b6cb69b2cc9eb1ba69ee363ffb95a  err=none
2026-05-11 12:19:27,078 INFO OK   jbloomlab/SARS2-mut-rates  commit=unknown  err=none
2026-05-11 12:19:27,084 INFO OK   jbloomlab/SARS2-mut-fitness  commit=unknown  err=none
2026-05-11 12:19:27,090 INFO OK   bioFAM/MEFISTO_tutorials  commit=2d8e59d6166651dbe937bdc0a24c997823953a14  err=none
2026-05-11 12:19:27,101 INFO OK   zyliu-OU/McCall-Lab  commit=cb85d47da8ad55b68801c3daa0133731703e2ebe  err=none
2026-05-11 12:19:27,104 INFO OK   USEPA/CompTox-ExpoCast-SSAMetabolism  commit=f918a872ab8cdc935dee916343b18aed6a67717e  err=none
2026-05-11 12:19:27,125 INFO OK   sukeniklab/Entropic_Force  commit=b8f9c0e8ee0318a3007e1e53f5a8797b4878a53f  err=none
2026-05-11 12:19:27,130 INFO OK   coleygroup/dipolar_cycloaddition_dataset  commit=1608a64499779bf8f89a886308d97c6a830d084c  err=none
2026-05-11 12:19:27,139 INFO OK   louwenjjr/mibig_classifications  commit=7e12880bc212d4eb3f2c710e3fda66eccd1bff72  err=none
2026-05-11 12:19:27,144 INFO OK   cabooster/DeepCAD-RT  commit=0f53a5e09b4355d03b5ab2d9923b6caa96ddd643  err=none
2026-05-11 12:19:27,146 INFO OK   shenwanxiang/aggmap-megma  commit=a1c1ac346cf726a2dc77fed06f8683922424d52e  err=none
2026-05-11 12:19:27,161 INFO OK   SebastianJarosch/ChipCytometry-Image-Processing  commit=b17d0f890975ac94ff31fa6b0371501bea337da4  err=none
2026-05-11 12:19:27,168 INFO OK   lcbb/3dRnaScaffoldedWireframeOrigami  commit=be5a82a0d709d33265d50508b5c0844bd7beee29  err=none
2026-05-11 12:19:27,218 INFO OK   DanChitwood/grapevine_rings  commit=8996fcc69c2874921732081502ff325fbd44c3e4  err=none
2026-05-11 12:19:27,226 INFO OK   dustoff06/Bankruptcy  commit=79d2fb866a0addb0aaa766fbaf2a9751934af1f3  err=none
2026-05-11 12:19:27,243 INFO OK   AxelRolov/CO2_chemical_solvents  commit=dd911a00d154f21a9bd2fd1b5aeb8366bbffd500  err=none
2026-05-11 12:19:27,248 INFO OK   galaxyproject/GTN-community-paper-2020  commit=da0b83e4cb98223b72ea1a8491262c18d72b248d  err=none
2026-05-11 12:19:27,251 INFO OK   rojas-mariano-salvador/Lethality-markers-for-COVID-19  commit=9cc5729ab0160c11b4b19cdcd0f67cf5ebfa27d8  err=none
2026-05-11 12:19:27,256 INFO OK   zwijnenburggroup/smilescombine  commit=8d76d717f4003837b3374ce6eae00318b690b541  err=none
2026-05-11 12:19:27,260 INFO OK   maxvthof/EcN_model  commit=082f92c44ecd5661eb67962bd701ca05758bb6e9  err=none
2026-05-11 12:19:27,262 INFO OK   greglandrum/RSC_OpenScience_Standardization_202104  commit=706d71a05dbf01a95d4d02088027e9a7fc09dc39  err=none
2026-05-11 12:19:27,269 INFO OK   rdkit/UGM_2020  commit=4cbd6f734067c619684606e6107ee81b83478d0c  err=none
2026-05-11 12:19:27,281 INFO OK   triasteran/nonAUG_manuscript  commit=561a99a96b2ed8df99f510f1a6bae2d193a5c10f  err=none
2026-05-11 12:19:27,288 INFO OK   dvdylus/read2tree_paper  commit=e28f641eea3e88e4706074fff46df956734ce4bd  err=none
2026-05-11 12:19:27,303 INFO OK   eEcoLiDAR/AHN  commit=9bd0d6f15edb42381649b905f3eecffe02d79c6b  err=none
2026-05-11 12:19:27,312 INFO OK   robertosanchezn/AS_hqMAGs  commit=b52b636d5e0fd525d14c07316e98515ff8e5813d  err=none
2026-05-11 12:19:27,326 INFO OK   AlicjaNowakowska/ETNA  commit=9dcd264f63b563c93285c867f2307f61130166b9  err=none
2026-05-11 12:19:27,345 INFO OK   ACEnglish/TruvariData  commit=a4ba750a69c097d34f5ddd2a1089ad20a915f73b  err=none
2026-05-11 12:19:27,347 INFO OK   zhanyinx/SPT_analysis  commit=e5ac1286c54860b3d0cfcf81fd4fa916f0e4c325  err=none
2026-05-11 12:19:27,365 INFO OK   adoebley/Griffin_analyses  commit=75467e438a88029206d8d778ddce05eb0ab6efa8  err=none
2026-05-11 12:19:27,369 INFO OK   vdovale29/Hardness-Calculator  commit=a15cb74f37e33951df8dd04adfc257a18353bf98  err=none
2026-05-11 12:19:27,371 INFO OK   jmvarberg/King_et_al_2022  commit=7ef45a52c3898e86d5a5b47936e44a160af9ae52  err=none
2026-05-11 12:19:27,388 INFO OK   openforcefield/openff-qcsubmit  commit=a182805e9b87f7a87c3b4ca479176d28e4f6e98a  err=none
2026-05-11 12:19:27,389 INFO OK   cerlymarco/linear-tree  commit=2982edc050206521fa9cde7df1b1f88ab7b2183d  err=none
2026-05-11 12:19:27,394 INFO OK   adelavega/neurosynth-lfc  commit=80223016abc5fffb88a82b917751cdc82ff26794  err=none
2026-05-11 12:19:27,409 INFO OK   KULL-Centre/ProteinUnfolding2D  commit=a8585ec37e508a650bd14fd271920f9caf33192e  err=none
2026-05-11 12:19:27,432 INFO OK   mfitzsimmons44/Observing-Flow-with-He-II  commit=add031676d03dd6358c48c121226746a676ea2f4  err=none
2026-05-11 12:19:27,434 INFO OK   malariagen/malariagen-data-python  commit=1a81eba7c7f89519128690c16991c8c6a9d33840  err=none
2026-05-11 12:19:27,455 INFO OK   mkient/fruitless_report  commit=eb2a9279f2d60fe50cc9352249d4ecb6a2cfb045  err=none
2026-05-11 12:19:27,466 INFO OK   KULL-Centre/_2022_Norrild_GMMA_TRX  commit=a5df5031f3e9d60d84c72102a03ad2ac362fb939  err=none
2026-05-11 12:19:27,481 INFO OK   sagacitysite/brian2_loihi_utils  commit=d126c1662f09bb02bf9dbfb73daf6b175baa0448  err=none
2026-05-11 12:19:27,486 INFO OK   SimEA-ERA/NANOMEC  commit=2bab16db72ad03d48170061d65ded9bd1867d6ca  err=none
2026-05-11 12:19:27,486 INFO OK   andrewlehr/loihi_parameter_tuning_dashboard  commit=a57a2c06b37c53ef9534ae01ab67156a596e969a  err=none
2026-05-11 12:19:27,498 INFO OK   andrewlehr/Brian2Loihi_SpreizerNet  commit=85e0cb85c782b1b2b8821fd52d648ddf8f8ca9ad  err=none
2026-05-11 12:19:27,504 INFO OK   wschuell/repo_datasets  commit=37029900b61debadacd531723cf44107bfe2e4d0  err=none
2026-05-11 12:19:27,509 INFO OK   Winnus/Brian2Loihi_SSSP  commit=50e1116d255e948f55c1f10afa270a812269d0a0  err=none
2026-05-11 12:19:27,515 INFO OK   lzhengchun/BraggNN  commit=0d3fdc3b1b3dddfdb7e80a56c384b66c282470bf  err=none
2026-05-11 12:19:27,519 INFO OK   MareikeBerger/Cellcycle  commit=7cb129606d73163ac536f5051f4a1edc9619e3c9  err=none
2026-05-11 12:19:27,524 INFO OK   ICAN-aneurysms/RIA-predict  commit=b5a54dffd741642ae44f3919f267e3754340eb6c  err=none
2026-05-11 12:19:27,529 INFO OK   imaginationdykim/2022.CC  commit=9f9def67f6ce522bee1f3b0864bd7111214df18a  err=none
2026-05-11 12:19:27,534 INFO OK   Draviam-lab/spinx_local  commit=688ae0da643d1d70c30f3041c75f17fcbd3cfc06  err=none
2026-05-11 12:19:27,541 INFO OK   lstrgar/seg-eval  commit=dd18c2bb736c48579b877ba74792d516061ae2be  err=none
2026-05-11 12:19:27,547 INFO OK   shenwanxiang/metageomic_datasets  commit=dbf7416bb0bf565be3b71928ff6ecbc57caacb05  err=none
2026-05-11 12:19:27,551 INFO OK   StitesLab/KRASG12C-WT  commit=40862dba4e616c831b4c406020692752fb1c4cab  err=none
2026-05-11 12:19:27,563 INFO OK   pauljaffe/lumos-ncpt-tools  commit=5cbcdabef53146e64224299688f07de1054ebdd2  err=none
2026-05-11 12:19:27,564 INFO OK   ammarcsj/ecoli_survival_scoring  commit=66aa6e4aee24b1064ec10165c43295b975e6ad6b  err=none
2026-05-11 12:19:27,585 INFO OK   ucph-rka/ScreenDB  commit=ee6344fbe8b2ae2b9945856c7dca930798be59d2  err=none
2026-05-11 12:19:27,588 INFO OK   SantanderMetGroup/2022_Iturbide_FAIRprinciplesIPCC  commit=72b5c9d3536d0a2fe7730514b3538b05305e4d93  err=none
2026-05-11 12:19:27,602 INFO OK   burdalab/TREA  commit=2de8e947e32f08173c951d61cdca893fa6ee838f  err=none
2026-05-11 12:19:27,606 INFO OK   PGLSanchez/EMBL_OscillationsAnalysis  commit=bd4a258570e7b7b5f0c179bc976f0d45988efa1a  err=none
2026-05-11 12:19:27,610 INFO OK   deriteidavid/boolean2pew  commit=b60d714f07083a78b8af4fdebc4da67f942512de  err=none
2026-05-11 12:19:27,615 INFO OK   hshimlab/CRISPR-Cas-interaction  commit=9ea253cc32a57d9b99e3df5d361cc3ce9f87a594  err=none
2026-05-11 12:19:27,624 INFO OK   LeonBondeLarsen/tsne_classifier  commit=1b3f108801e45c8a836a5b9af77f60a3d102b20f  err=none
2026-05-11 12:19:27,635 INFO OK   QuantitativeVirology/2D-Colocalization  commit=3f76d5d2938778f4624ca54cfe9a88c54301da7a  err=none
2026-05-11 12:19:27,641 INFO OK   loosolab/TF-COMB  commit=0ecc0236972adac480a442813ab2e4c4ba9f0d35  err=none
2026-05-11 12:19:27,645 INFO OK   Surabhivj/BRANEnet  commit=25f4b909a6be7353b630a216d785e217e9a0cb2e  err=none
2026-05-11 12:19:27,650 INFO OK   carpentries-incubator/ml4bio-workshop  commit=05719326e94a06b631933559464ca4a59e1e8d4a  err=none
2026-05-11 12:19:27,655 INFO OK   sccnlab/PyMVPD_LITE  commit=d840a443e6e709d8abceb995c683c74066135372  err=none
2026-05-11 12:19:27,667 INFO OK   SimonBirrell/dep-control  commit=576b67dea91a9dba3d6eb12ac87b259fe995bb34  err=none
2026-05-11 12:19:27,673 INFO OK   JonathanShor/DoubletDetection  commit=ce70f4d40380da2633f778f1dd1a023f7ed4d61e  err=none
2026-05-11 12:19:27,682 INFO OK   urmi-21/PlncPRO  commit=9270d15b768b294f099b0bdc70fa059a1c646dfc  err=none
2026-05-11 12:19:27,695 INFO OK   c6gonzalez/IBD200  commit=189ec14e2d4eb568c80317f4c4b978812b9659df  err=none
2026-05-11 12:19:27,706 INFO OK   TauferLab/Src_Metabolomics  commit=98059b3084980b70b7a1bf52f39c83fb795e229a  err=none
2026-05-11 12:19:27,722 INFO OK   MannLabs/structuremap  commit=f14b4325e30f16394ea819af2e29f9c68f786ee4  err=none
2026-05-11 12:19:27,723 INFO OK   bwicky/covid_nAb_sensor_simulation  commit=2aac2001403003b3d7063203e54af17ac6b587f4  err=none
2026-05-11 12:19:27,727 INFO OK   kwikteam/npy-matlab  commit=7e61a884f7f5cf4f2382174efc8fe8f82e6e7e10  err=none
2026-05-11 12:19:27,737 INFO OK   BuildACell/BioCRNPyler  commit=0fd9aa9f04f29aad94214a722db6b21cabc4b01a  err=none
2026-05-11 12:19:27,741 INFO OK   BuildACell/BioCRNpyler  commit=0fd9aa9f04f29aad94214a722db6b21cabc4b01a  err=none
2026-05-11 12:19:27,746 INFO OK   BuildACell/bioCRNpyler  commit=0fd9aa9f04f29aad94214a722db6b21cabc4b01a  err=none
2026-05-11 12:19:27,763 INFO OK   schreiber-lab/mlreflect  commit=88a80ccac48461cc8934a46041726b70e469c6b8  err=none
2026-05-11 12:19:27,787 INFO OK   neherlab/treetime  commit=17da461f9299706b99a90e622183772f00c5076d  err=none
2026-05-11 12:19:27,800 INFO OK   HenriquesLab/ZeroCostDL4Mic  commit=481a3f3e2e1692dc27aa22f4ef3986f455ed3245  err=none
2026-05-11 12:19:27,814 INFO OK   AnnaBonkhoff/Predict_severe_complications_after_stroke  commit=e35cf8f9133669928ffad95781d5d9c5ec4b5171  err=none
2026-05-11 12:19:27,818 INFO OK   rjbrewin/Two-community-phyto-model  commit=4850c075570734a931c0a69f696944854dd77082  err=none
2026-05-11 12:19:27,827 INFO OK   harripd/H2MMpythonlib  commit=a2d1f357aa498ad70bf1d1c31bad4687cbed6f13  err=none
2026-05-11 12:19:27,832 INFO OK   sankyoh/Tokyo2020_COVID19  commit=d832eae34f566b9a919457f90ea928a78c780e42  err=none
2026-05-11 12:19:27,845 INFO OK   somathias/cbmos  commit=0ed88afdb4ed0589db66d9139f53c7bfc89e94c6  err=none
2026-05-11 12:19:27,847 INFO OK   msmdev/pyGPCCA  commit=773c463cc5043a5d40e6f31bbbc20f4e49587008  err=none
2026-05-11 12:19:27,867 INFO OK   vanvalenlab/intro-to-deepcell  commit=ad78296f4c7ecabf460881ffeb498664ac9542a7  err=none
2026-05-11 12:19:27,880 INFO OK   qLSLab/GPRuler  commit=e4ffe799719d271e1817c185470f24deb51777bb  err=none
2026-05-11 12:19:27,891 INFO OK   SimonsonLab/VirtualHE_examples  commit=0002ccfefc581992da1f7e8ee58b8c389984cbb5  err=none
2026-05-11 12:19:27,897 INFO OK   DaigoOkada/kernel_deef_tutorial  commit=980f7e8758b6f583a305645d19c27679b69235e3  err=none
2026-05-11 12:19:27,905 INFO OK   timsainb/noisereduce  commit=51c85343d6fe7695f7641f96b6a8f9e7e66be59b  err=none
2026-05-11 12:19:27,911 INFO OK   fides-dev/fides  commit=a81933d4b10d3631e213d16de05d16810619e9da  err=none
2026-05-11 12:19:27,917 INFO OK   BlueBrain/BluePyEfe  commit=11a1e0c59e2541362e22279f6c78edbff44db975  err=none
2026-05-11 12:19:27,923 INFO OK   drazen-petrov/SMArt  commit=f83c0b745e5db613cb307ba01991060776bf3bf3  err=none
2026-05-11 12:19:27,959 INFO OK   EAndrade-Lotero/SODCL  commit=b5cf4d4d5334f3b7d048d7c7a1ba9d37722dc89c  err=none
2026-05-11 12:19:27,976 INFO OK   AlDanial/cloc  commit=88b048f22837164ed35f345d1e1eaae4435083c5  err=none
2026-05-11 12:19:27,985 INFO OK   machenslab/dPCA  commit=b10f8ec3e8a37b9954c493e0b0e012d3b4b52d05  err=none
2026-05-11 12:19:27,996 INFO OK   gerstung-lab/tensorsignatures  commit=5960bd84d0258d0a217e75daa3d1f9d3e47472c2  err=none
2026-05-11 12:19:28,001 INFO OK   ycliu1987/Paper-of-SERS-for-Ammonia  commit=1e3663002fb76c92eeb3c0916ce4be43b6996271  err=none
2026-05-11 12:19:28,013 INFO OK   brenna-levine/atrox_LTSS  commit=5edd7d0b8f7aaa1764edcd6e5209795c0b0643f9  err=none
2026-05-11 12:19:28,093 INFO OK   galaxyproject/TIS_methods_review  commit=a43e6f4fda8d0465534eed2d0774996a77076b16  err=none
2026-05-11 12:19:28,101 INFO OK   SEpapoulis/ODElib  commit=9d4a63e5e5de5af75fa4baac6fe96cc28d238a75  err=none
2026-05-11 12:19:28,106 INFO OK   LauraKateYoung/ERICA  commit=736b5d75b53e9e880670e3e4a95320b9f62ac088  err=none
2026-05-11 12:19:28,123 INFO OK   philip-mach/herd-immunity  commit=c35b6e9b4d21e8d907792c035efe1370fa5bd8fe  err=none
2026-05-11 12:19:28,127 INFO OK   thrash-lab/sparse-growth-curve  commit=e5ee809ca2a4f967dc3edd9c0ba0b5b7d29ee47b  err=none
2026-05-11 12:19:28,141 INFO OK   poldracklab/mriqc  commit=c030ac1919de55afd8702f875e84c23b8778a255  err=none
2026-05-11 12:19:28,145 INFO OK   cristinagwilson/data-foraging-in-human-robot-teams  commit=29e908afb7ba3ef25fb018eff3bee13ce076dcb4  err=none
2026-05-11 12:19:28,153 INFO OK   georgiarichards/CatalogueofOpioids  commit=47fa713e7154d5ee9a8fd3321ddd7d08872661a0  err=none
2026-05-11 12:19:28,158 INFO OK   zechnerlab/Compartor  commit=1df2e6892862f814d241e00fdb7baf120ad9b67a  err=none
2026-05-11 12:19:28,165 INFO OK   wesleymsmith/MembraneFootprintInteractionModel  commit=8c74b773708c1a2cbdf64b73124c2286545cabbb  err=none
2026-05-11 12:19:28,171 INFO OK   dib-lab/2020-workflows-paper  commit=b90ed3c4389a72c74e6e0436c698ccc79e280199  err=none
2026-05-11 12:19:28,189 INFO OK   mbeisen/Berrocal_2020  commit=a5b71d42c4f1c99236d4ca123660cb15e2aa74ba  err=none
2026-05-11 12:19:28,202 INFO OK   SBRG/precise-db  commit=782c252d4e4e6fb7e5d0037b85b1a00b59c6f1fe  err=none
2026-05-11 12:19:28,212 INFO OK   nselem/ActDES  commit=5be54414b41c7158f6a80139ab11d1c410ebfcbc  err=none
2026-05-11 12:19:28,238 INFO OK   MacIver-Lab/Ergodic-Information-Harvesting  commit=6b06033852d511c682f1a38d84d6c3e0d735659b  err=none
2026-05-11 12:19:28,253 INFO OK   nlapier2/metalign_paper_replication  commit=a6668aacf61b972cd34dbe7ac9559e0d081cebc5  err=none
2026-05-11 12:19:28,257 INFO OK   elifesciences-publications/Ergodic-Information-Harvesting  commit=56250a48ff0506d12765d68f9ae97500b3ac59a1  err=none
2026-05-11 12:19:28,270 INFO OK   eteitelb/coldTubeData  commit=ab03a0a3082e766d1e2d27ddd5df63fde7e695bc  err=none
2026-05-11 12:19:28,274 INFO OK   diatomsRcool/butterfly  commit=ac637a4f07b33918b5b64d9d6de96492080b4fde  err=none
2026-05-11 12:19:28,284 INFO OK   jzook/genome-data-integration  commit=cfc5e261d9fc98cccd3de4648fe3805f256f2f1e  err=none
2026-05-11 12:19:28,286 INFO OK   tolliob/PhasePortrait  commit=3cc7c580b9b8c5f4298f2629d1b274d614b389ce  err=none
2026-05-11 12:19:28,302 INFO OK   ccdmb/BioDendro  commit=22cb7df2fb583cc12609019e0339ca89fba4b844  err=none
2026-05-11 12:19:28,331 INFO OK   yingqiuz/SIR_simulator  commit=d26e7318a0156ed007adc300ac51eb190f96cacf  err=none
2026-05-11 12:19:28,338 INFO OK   Gorbalenya-Lab/hh-suite-notebooks  commit=ddee664542572ba1b6047505ff6c275c34ea7a27  err=none
2026-05-11 12:19:28,353 INFO OK   G-Node/python-odml  commit=98fa2e658313c299c4d237e3b8e7dc16f6727e60  err=none
2026-05-11 12:19:28,359 INFO OK   cimcb/MetabSimpleQcViz  commit=0d5c758c952b797ac342b347bd76910af4873234  err=none
2026-05-11 12:19:28,384 INFO OK   rasbt/watermark  commit=fbcdadea0a3e95eb36ef0160c74054e383232b53  err=none
2026-05-11 12:19:28,393 INFO OK   letsop/cemone  commit=3e2c77577e07ec2ffdfbf5f1e6c0435be7d438f5  err=none
2026-05-11 12:19:28,401 INFO OK   jupyter-guide/jupyter-guide  commit=18813d2aa64bdba3382087842f28a81832e7518a  err=none
2026-05-11 12:19:28,406 INFO OK   ivanzhovannik/radiomics_correction_CTSNR  commit=9d1a069a1a2c58662f7d4f8bc6f7894842307025  err=none
2026-05-11 12:19:28,413 INFO OK   greenelab/deep-review  commit=44ff95a2756bd03a32c046eb8983ac9c4f223b0a  err=none
2026-05-11 12:21:25,611 INFO FAIL noemiandor/cloneid  commit=n/a  err=timeout
2026-05-11 12:21:25,959 INFO FAIL disc04/simplydrug  commit=n/a  err=timeout
2026-05-11 12:21:26,353 INFO FAIL apblair/CellLayers  commit=n/a  err=timeout
2026-05-11 12:21:26,783 INFO FAIL saigerutherford/evidence_embracing_nm  commit=n/a  err=timeout
2026-05-11 12:21:27,805 INFO FAIL danylodanylo/math-model-epileptogenesis  commit=n/a  err=timeout
2026-05-11 12:21:28,549 INFO FAIL impires/JupyterNotebooksMotionlessActivities  commit=n/a  err=timeout
