2026-05-11 12:21:29,017 INFO OK  ncbi/elastic-blast-demos  rrs=0.0  mode=code_error  elapsed=0.46s
2026-05-11 12:21:30,181 INFO OK  dchary/ucdeconvolve  rrs=23.0  mode=code_error  elapsed=1.16s
2026-05-11 12:21:30,769 INFO OK  anyuzx/HIPPS-DIMES  rrs=42.0  mode=code_error  elapsed=0.59s
2026-05-11 12:21:31,321 INFO OK  pnnl/sds  rrs=37.1  mode=code_error  elapsed=0.55s
2026-05-11 12:21:32,458 INFO OK  eEcoLiDAR/laserchicken  rrs=42.0  mode=code_error  elapsed=1.11s
2026-05-11 12:21:33,446 INFO OK  GMOD/jbrowse-jupyter  rrs=49.5  mode=code_error  elapsed=0.99s
2026-05-11 12:21:34,033 INFO OK  AxelRolov/hepato-derep-lignin  rrs=0.0  mode=code_error  elapsed=0.57s
2026-05-11 12:21:36,087 INFO OK  connectome-neuprint/neuprint-python  rrs=28.1  mode=code_error  elapsed=2.05s
2026-05-11 12:21:36,621 INFO OK  SMDynamicsLab/Paradoxical2022  rrs=0.0  mode=code_error  elapsed=0.53s
2026-05-11 12:21:37,924 INFO OK  DataResponsibly/hiring-stability-audit  rrs=0.0  mode=code_error  elapsed=1.3s
2026-05-11 12:21:38,415 INFO OK  ChrisNaes/2021_BNW_skin_microbiome  rrs=9.5  mode=code_error  elapsed=0.49s
2026-05-11 12:21:38,917 INFO OK  physical-biology-of-chromatin/PcG-mESC  rrs=0.0  mode=code_error  elapsed=0.5s
2026-05-11 12:21:39,549 INFO OK  jifarquharson/cordon-caulle-ash-vents  rrs=7.4  mode=code_error  elapsed=0.63s
2026-05-11 12:21:41,246 INFO OK  MannLabs/pydiAID  rrs=15.9  mode=code_error  elapsed=1.69s
2026-05-11 12:21:41,957 INFO OK  aomlomics/tutorials  rrs=0.0  mode=code_error  elapsed=0.71s
2026-05-11 12:21:42,479 INFO OK  jseidel5/Python-Probabilistic-Regulation-of-Metabolism  rrs=38.3  mode=code_error  elapsed=0.52s
2026-05-11 12:21:58,670 INFO OK  tibbdc/ECMpy  rrs=19.4  mode=code_error  elapsed=16.19s
2026-05-11 12:21:59,583 INFO OK  seung-lab/CAVEclient  rrs=36.1  mode=code_error  elapsed=0.91s
2026-05-11 12:22:02,432 INFO OK  stardist/stardist  rrs=57.1  mode=code_error  elapsed=2.85s
2026-05-11 12:22:03,052 INFO OK  fowler-lab/bashthebug-consensus-dataset  rrs=8.7  mode=code_error  elapsed=0.62s
2026-05-11 12:22:03,553 INFO OK  yshen25/EPI_ML  rrs=0.0  mode=code_error  elapsed=0.5s
2026-05-11 12:22:06,718 INFO OK  spacetx/starfish  rrs=44.6  mode=code_error  elapsed=3.16s
2026-05-11 12:22:07,203 INFO OK  PrincetonUniversity/pytlas  rrs=0.0  mode=code_error  elapsed=0.48s
2026-05-11 12:22:07,551 INFO OK  srcastillo/TALE-Writer  rrs=0.0  mode=code_error  elapsed=0.35s
2026-05-11 12:22:08,010 INFO OK  ngimber/ImageCorrelationSpectroscopy  rrs=0.0  mode=code_error  elapsed=0.46s
2026-05-11 12:22:08,793 INFO OK  swkasica/pheme-rnr-knowledge-discovery  rrs=0.0  mode=code_error  elapsed=0.78s
2026-05-11 12:22:11,611 INFO OK  mph-/lcapy  rrs=53.0  mode=code_error  elapsed=2.82s
2026-05-11 12:22:12,513 INFO OK  mtinti/polysome_coverage  rrs=32.2  mode=code_error  elapsed=0.9s
2026-05-11 12:22:13,875 INFO OK  bmrb-io/BMRB-API  rrs=38.7  mode=code_error  elapsed=1.36s
2026-05-11 12:22:14,377 INFO OK  fooof-tools/DevelopmentalDemo  rrs=24.9  mode=code_error  elapsed=0.5s
2026-05-11 12:22:14,804 INFO OK  araldi/Grigolon-et-al_GRHL1_NatureCommunications  rrs=11.5  mode=code_error  elapsed=0.42s
2026-05-11 12:22:22,359 INFO OK  MIT-LCP/mimic-omop  rrs=5.6  mode=code_error  elapsed=7.55s
2026-05-11 12:22:22,841 INFO OK  EnzoAndree/FastMLST-Concordance  rrs=0.0  mode=code_error  elapsed=0.48s
2026-05-11 12:22:25,274 INFO OK  VisionandCognition/NHP-pycortex  rrs=46.9  mode=code_error  elapsed=2.43s
2026-05-11 12:22:26,531 INFO OK  janclemenslab/das_unsupervised  rrs=33.5  mode=code_error  elapsed=1.25s
2026-05-11 12:22:27,978 INFO OK  jofrony/Neuromodulation-software  rrs=7.2  mode=code_error  elapsed=1.44s
2026-05-11 12:22:28,222 INFO OK  MultiplexDX/B117-RT-qPCR-design  rrs=0.0  mode=code_error  elapsed=0.24s
2026-05-11 12:22:29,103 INFO OK  hyperopt/hyperopt  rrs=20.7  mode=code_error  elapsed=0.88s
2026-05-11 12:22:31,799 INFO OK  LabTrivedi/MOrgAna  rrs=47.2  mode=code_error  elapsed=2.7s
2026-05-11 12:22:31,981 INFO OK  Imteaj10/Data-Analytics-for-COVID-19-Prediction-  rrs=3.0  mode=code_error  elapsed=0.18s
2026-05-11 12:22:35,007 INFO OK  m-ama/PyDesigner  rrs=53.2  mode=code_error  elapsed=2.99s
2026-05-11 12:22:49,662 INFO OK  ablab/spades  rrs=34.5  mode=code_error  elapsed=14.65s
2026-05-11 12:22:51,515 INFO OK  arunneru/theta_gates_reliable_sequences_mEC  rrs=4.3  mode=code_error  elapsed=1.84s
2026-05-11 12:22:53,325 INFO OK  JonETJakobsson/scConnect  rrs=0.3  mode=code_error  elapsed=1.81s
2026-05-11 12:22:54,850 INFO OK  ShujiaHuang/geneview  rrs=11.6  mode=code_error  elapsed=1.52s
2026-05-11 12:22:55,983 INFO OK  brainglobe/brainrender  rrs=27.6  mode=code_error  elapsed=1.13s
2026-05-11 12:22:56,662 INFO OK  FlyBrainLab/CXcircuits  rrs=0.0  mode=code_error  elapsed=0.68s
2026-05-11 12:22:57,165 INFO OK  Identity-lab/Tutorial-on-salient-social-Identity-detection-model  rrs=0.0  mode=code_error  elapsed=0.5s
2026-05-11 12:22:57,629 INFO OK  SIMEXP/dynamic-states-parcellations  rrs=8.9  mode=code_error  elapsed=0.46s
2026-05-11 12:22:58,078 INFO OK  regicid/Deprivation-antisociality  rrs=0.0  mode=code_error  elapsed=0.45s
2026-05-11 12:22:58,632 INFO OK  aguilar-gomez/SingleCellLineageAnalysis  rrs=0.0  mode=code_error  elapsed=0.55s
2026-05-11 12:22:59,795 INFO OK  krassowski/multi-omics-state-of-the-field  rrs=66.5  mode=code_error  elapsed=0.98s
2026-05-11 12:23:00,695 INFO OK  ncfrey/pytopomat  rrs=38.5  mode=code_error  elapsed=0.9s
2026-05-11 12:23:01,989 INFO OK  biocommons/biocommons.seqrepo  rrs=42.8  mode=code_error  elapsed=1.29s
2026-05-11 12:23:03,262 INFO OK  vistalab/scitran  rrs=3.6  mode=code_error  elapsed=1.27s
2026-05-11 12:23:05,093 INFO OK  NCBI-Hackathons/TheHumanPangenome  rrs=13.6  mode=code_error  elapsed=1.81s
2026-05-11 12:23:06,284 INFO OK  LobellLab/csdl  rrs=14.2  mode=code_error  elapsed=1.19s
2026-05-11 12:23:06,655 INFO OK  drcarrot/Data_availability_study  rrs=0.0  mode=code_error  elapsed=0.37s
2026-05-11 12:23:07,003 INFO OK  MuriloACassiano/papers-methodology  rrs=7.1  mode=code_error  elapsed=0.35s
2026-05-11 12:23:09,129 INFO OK  lfnothias/FeatureBasedMolecularNetworking_RelativeQuantEval  rrs=0.0  mode=code_error  elapsed=2.12s
2026-05-11 12:23:12,153 INFO OK  BadenLab/LED-Zappelin  rrs=5.6  mode=code_error  elapsed=3.02s
2026-05-11 12:23:12,477 INFO OK  biosoda/tutorial_orthology  rrs=1.7  mode=code_error  elapsed=0.32s
2026-05-11 12:23:12,970 INFO OK  jwdegee/2020_eLife_pupil_bias  rrs=0.0  mode=code_error  elapsed=0.49s
2026-05-11 12:23:13,286 INFO OK  elifesciences-publications/2020_eLife_pupil_bias  rrs=0.0  mode=code_error  elapsed=0.31s
2026-05-11 12:23:13,905 INFO OK  scottiadamson/Vex-seq  rrs=2.4  mode=code_error  elapsed=0.62s
2026-05-11 12:23:14,450 INFO OK  akg8/MSY-expression  rrs=20.3  mode=code_error  elapsed=0.54s
2026-05-11 12:23:15,224 INFO OK  thunder001/Cancer_origin_prediction  rrs=0.0  mode=code_error  elapsed=0.77s
2026-05-11 12:23:17,822 INFO OK  woutdenolf/spectrocrunch  rrs=28.3  mode=code_error  elapsed=2.6s
2026-05-11 12:23:18,352 INFO OK  ncbi-nlp/BioConceptVec  rrs=3.3  mode=code_error  elapsed=0.53s
2026-05-11 12:23:21,041 INFO OK  brsynth/active_learning_cell_free  rrs=0.0  mode=code_error  elapsed=2.69s
2026-05-11 12:23:21,378 INFO OK  EBI-COMMUNITY/compare-amr  rrs=9.8  mode=code_error  elapsed=0.33s
2026-05-11 12:23:21,379 WARNING SKIP noemiandor/cloneid: timeout
2026-05-11 12:23:22,253 INFO OK  pollen-robotics/reachy  rrs=0.0  mode=code_error  elapsed=0.87s
2026-05-11 12:23:23,238 INFO OK  leylabmpi/animal_gut_16S-uni  rrs=7.7  mode=code_error  elapsed=0.98s
2026-05-11 12:23:23,629 INFO OK  BadenLab/Spikeling  rrs=0.0  mode=code_error  elapsed=0.39s
2026-05-11 12:23:43,668 INFO OK  avian2/spectrum-sensing-methods  rrs=0.0  mode=code_error  elapsed=20.04s
2026-05-11 12:23:44,234 INFO OK  MaayanLab/x2k_web  rrs=19.7  mode=code_error  elapsed=0.56s
2026-05-11 12:23:44,688 INFO OK  atolgrp/Microbial-G-C-Content  rrs=0.0  mode=code_error  elapsed=0.45s
2026-05-11 12:23:45,022 INFO OK  compsy/personalized-coaching-ml  rrs=0.0  mode=code_error  elapsed=0.33s
2026-05-11 12:23:45,542 INFO OK  SumayahR/antibiotic-resistance  rrs=0.0  mode=code_error  elapsed=0.52s
2026-05-11 12:23:46,466 INFO OK  bayesimpact/readmission-risk  rrs=2.8  mode=code_error  elapsed=0.92s
2026-05-11 12:23:51,194 INFO OK  VertNet/post-harvest-processor  rrs=0.0  mode=code_error  elapsed=4.72s
2026-05-11 12:23:51,611 INFO OK  ajouary/VR_Zebrafish  rrs=0.0  mode=code_error  elapsed=0.41s
2026-05-11 12:23:52,151 INFO OK  MIT-LCP/mimic-iii-paper  rrs=0.0  mode=code_error  elapsed=0.54s
2026-05-11 12:23:53,061 INFO OK  biomathman/pycellerator  rrs=0.0  mode=code_error  elapsed=0.91s
2026-05-11 12:23:53,855 INFO OK  yannaodh/sweeney-2015  rrs=0.0  mode=code_error  elapsed=0.79s
2026-05-11 12:23:54,694 INFO OK  draeger-lab/pymCADRE  rrs=5.4  mode=install_dep  elapsed=0.84s
2026-05-11 12:23:55,247 INFO OK  cslab-hub/multiSyncPy  rrs=0.0  mode=install_dep  elapsed=0.55s
2026-05-11 12:23:56,285 INFO OK  IGGoncalves/PhysiCOOL  rrs=52.3  mode=install_dep  elapsed=1.04s
2026-05-11 12:23:57,105 INFO OK  bioFAM/mofax  rrs=31.0  mode=install_dep  elapsed=0.82s
2026-05-11 12:23:58,351 INFO OK  ieee8023/covid-chestxray-dataset  rrs=6.9  mode=install_dep  elapsed=1.24s
2026-05-11 12:23:59,855 INFO OK  poldracklab/fitlins  rrs=41.7  mode=install_dep  elapsed=1.5s
2026-05-11 12:24:01,252 INFO OK  heprom/pymicro  rrs=7.6  mode=install_dep  elapsed=1.39s
2026-05-11 12:24:03,225 INFO OK  FABLE-3DXRD/ImageD11  rrs=35.2  mode=install_dep  elapsed=1.97s
2026-05-11 12:24:07,143 INFO OK  matterport/Mask_RCNN  rrs=32.5  mode=install_dep  elapsed=3.91s
2026-05-11 12:24:09,395 INFO OK  zmahnoor14/MAW  rrs=42.6  mode=install_dep  elapsed=2.19s
2026-05-11 12:24:11,218 INFO OK  sokrypton/ColabDesign  rrs=0.0  mode=install_dep  elapsed=1.82s
2026-05-11 12:24:12,151 INFO OK  maayanlab/prismexp  rrs=31.8  mode=install_dep  elapsed=0.93s
2026-05-11 12:24:14,151 INFO OK  biorack/omaat  rrs=12.3  mode=install_dep  elapsed=2.0s
2026-05-11 12:24:17,566 INFO OK  morris-lab/CellOracle  rrs=58.2  mode=install_dep  elapsed=3.41s
2026-05-11 12:24:20,952 INFO OK  catrionamurray/chromatic_fitting  rrs=24.6  mode=install_dep  elapsed=3.38s
2026-05-11 12:24:26,169 INFO OK  spacetelescope/jwst  rrs=28.0  mode=install_dep  elapsed=5.22s
2026-05-11 12:24:26,788 INFO OK  feigroup/TVDN  rrs=0.0  mode=install_dep  elapsed=0.62s
2026-05-11 12:24:27,832 INFO OK  kramerlab/lipid_study  rrs=10.0  mode=install_dep  elapsed=1.04s
2026-05-11 12:24:28,886 INFO OK  idc9/py_jive  rrs=19.8  mode=install_dep  elapsed=1.05s
2026-05-11 12:24:30,860 INFO OK  ICB-DCM/pyPESTO  rrs=46.1  mode=install_dep  elapsed=1.97s
2026-05-11 12:24:32,161 INFO OK  PNNL-CompBio/Snekmer  rrs=38.7  mode=install_dep  elapsed=1.3s
2026-05-11 12:24:32,604 INFO OK  vincentpmartin/sleep-content-analysis  rrs=19.3  mode=install_dep  elapsed=0.44s
2026-05-11 12:24:33,227 INFO OK  aalokpatwa/rasp-mibi  rrs=37.8  mode=install_dep  elapsed=0.6s
2026-05-11 12:24:35,806 INFO OK  VisualNeuroscience-UH/SystemTools  rrs=0.0  mode=install_dep  elapsed=2.58s
2026-05-11 12:24:37,145 INFO OK  VisualNeuroscience-UH/CxSystem2  rrs=34.1  mode=install_dep  elapsed=1.34s
2026-05-11 12:24:37,772 INFO OK  isb-cgc/SL-Cloud-F1000  rrs=43.2  mode=install_dep  elapsed=0.63s
2026-05-11 12:24:39,991 INFO OK  rinikerlab/irsa  rrs=33.6  mode=install_dep  elapsed=2.22s
2026-05-11 12:24:41,285 INFO OK  mims-harvard/PrimeKG  rrs=60.6  mode=install_dep  elapsed=1.29s
2026-05-11 12:24:42,334 INFO OK  cytoscape/ipycytoscape  rrs=42.6  mode=install_dep  elapsed=1.05s
2026-05-11 12:24:44,586 INFO OK  AthenaEPI/dmipy  rrs=28.3  mode=install_dep  elapsed=2.24s
2026-05-11 12:24:45,856 INFO OK  AstraZeneca/jazzy  rrs=39.0  mode=install_dep  elapsed=1.27s
2026-05-11 12:25:17,648 INFO OK  Luthey-Schulten-Lab/Minimal_Cell  rrs=0.0  mode=install_dep  elapsed=31.79s
2026-05-11 12:25:18,107 INFO OK  hms-dbmi/vizarr  rrs=3.5  mode=install_dep  elapsed=0.46s
2026-05-11 12:25:20,380 INFO OK  fsspec/kerchunk  rrs=17.0  mode=install_dep  elapsed=2.27s
2026-05-11 12:25:21,617 INFO OK  ome/omero-guide-python  rrs=34.6  mode=install_dep  elapsed=1.24s
2026-05-11 12:25:23,852 INFO OK  BogdanBintu/ChromatinImaging  rrs=0.0  mode=install_dep  elapsed=2.23s
2026-05-11 12:25:25,205 INFO OK  open2c/pairtools  rrs=63.1  mode=install_dep  elapsed=1.35s
2026-05-11 12:25:26,614 INFO OK  dmnfarrell/epitopepredict  rrs=0.0  mode=install_dep  elapsed=1.41s
2026-05-11 12:25:27,300 INFO OK  kepsi/Pathonoia  rrs=0.0  mode=install_dep  elapsed=0.68s
2026-05-11 12:25:28,014 INFO OK  utkoomie/delivery-mode  rrs=19.5  mode=install_dep  elapsed=0.71s
2026-05-11 12:25:29,448 INFO OK  dpeerlab/Palantir  rrs=5.3  mode=install_dep  elapsed=1.43s
2026-05-11 12:25:30,195 INFO OK  lindawangg/COVID-Net  rrs=37.3  mode=install_dep  elapsed=0.74s
2026-05-11 12:25:31,412 INFO OK  willtownes/nsf-paper  rrs=35.1  mode=install_dep  elapsed=1.21s
2026-05-11 12:25:31,923 INFO OK  mohaEs/PyVisualField  rrs=28.6  mode=install_dep  elapsed=0.51s
2026-05-11 12:25:41,268 INFO OK  abestshef/fluctuating  rrs=12.0  mode=install_dep  elapsed=9.34s
2026-05-11 12:25:42,882 INFO OK  feilab-hust/VCD-Net  rrs=0.0  mode=install_dep  elapsed=1.61s
2026-05-11 12:25:44,227 INFO OK  IDAEA-EVS/Isocompy  rrs=0.0  mode=install_dep  elapsed=1.34s
2026-05-11 12:25:45,401 INFO OK  gosling-lang/gos  rrs=43.9  mode=install_dep  elapsed=1.17s
2026-05-11 12:25:45,404 WARNING SKIP disc04/simplydrug: timeout
2026-05-11 12:25:46,206 INFO OK  twardlab/joint_graph_embedding_AD  rrs=17.2  mode=install_dep  elapsed=0.8s
2026-05-11 12:25:53,469 INFO OK  cns-iu/ccf-research-kaggle-2022  rrs=0.0  mode=install_dep  elapsed=7.26s
2026-05-11 12:25:54,812 INFO OK  HCVE/echo-clustering  rrs=19.8  mode=install_dep  elapsed=1.34s
2026-05-11 12:25:56,557 INFO OK  biosustain/GRASP  rrs=38.5  mode=install_dep  elapsed=1.74s
2026-05-11 12:25:58,101 INFO OK  NPLinker/nplinker  rrs=50.9  mode=install_dep  elapsed=1.54s
2026-05-11 12:25:58,945 INFO OK  Daria-Br/TCGA_clustering  rrs=41.3  mode=install_dep  elapsed=0.84s
2026-05-11 12:26:01,056 INFO OK  AMC-LAEB/PATAT-sim  rrs=32.0  mode=install_dep  elapsed=2.11s
2026-05-11 12:26:02,692 INFO OK  lindermanlab/ssm  rrs=24.4  mode=install_dep  elapsed=1.62s
2026-05-11 12:26:07,173 INFO OK  matthiaskoenig/sbmlsim  rrs=44.0  mode=install_dep  elapsed=4.48s
2026-05-11 12:26:11,168 INFO OK  sys-bio/tellurium  rrs=42.3  mode=install_dep  elapsed=3.99s
2026-05-11 12:26:12,855 INFO OK  JBEI/clusterCAD  rrs=11.0  mode=install_dep  elapsed=1.69s
2026-05-11 12:26:14,061 INFO OK  kjappelbaum/aeml  rrs=31.5  mode=install_dep  elapsed=1.2s
2026-05-11 12:27:16,518 INFO OK  galaxyproject/training-material  rrs=64.5  mode=install_dep  elapsed=62.45s
2026-05-11 12:27:17,840 INFO OK  zhaoyj21/morphology_complexity  rrs=3.2  mode=install_dep  elapsed=1.32s
2026-05-11 12:27:19,403 INFO OK  scikit-learn-contrib/hdbscan  rrs=38.5  mode=install_dep  elapsed=1.56s
2026-05-11 12:27:21,216 INFO OK  esa/NIDN  rrs=41.3  mode=install_dep  elapsed=1.81s
2026-05-11 12:27:24,234 INFO OK  cparker-uc/VeVaPy  rrs=13.8  mode=install_dep  elapsed=3.02s
2026-05-11 12:27:28,008 INFO OK  MIT-LCP/mimic-code  rrs=34.7  mode=install_dep  elapsed=3.77s
2026-05-11 12:27:29,493 INFO OK  anant-dadu/PDProgressionSubtypes  rrs=12.4  mode=install_dep  elapsed=1.48s
2026-05-11 12:27:30,277 INFO OK  epurdom/cobolt  rrs=26.8  mode=install_dep  elapsed=0.78s
2026-05-11 12:27:32,966 INFO OK  YosefLab/totalVI_reproducibility  rrs=15.0  mode=install_dep  elapsed=2.69s
2026-05-11 12:27:33,803 INFO OK  zqfang/GSEApy  rrs=48.5  mode=install_dep  elapsed=0.83s
2026-05-11 12:27:34,210 INFO OK  SCCAF/sccaf  rrs=0.0  mode=install_dep  elapsed=0.41s
2026-05-11 12:27:35,493 INFO OK  aertslab/pySCENIC  rrs=35.8  mode=install_dep  elapsed=1.28s
2026-05-11 12:27:36,553 INFO OK  mljar/mljar-supervised  rrs=34.2  mode=install_dep  elapsed=1.06s
2026-05-11 12:27:57,504 INFO OK  polly-code/lammps_le  rrs=36.3  mode=install_dep  elapsed=20.95s
2026-05-11 12:27:58,597 INFO OK  mouseland/cellpose  rrs=41.2  mode=install_dep  elapsed=1.09s
2026-05-11 12:27:59,453 INFO OK  MouseLand/cellpose  rrs=41.2  mode=install_dep  elapsed=0.85s
2026-05-11 12:28:01,960 INFO OK  openforcefield/openff-toolkit  rrs=23.7  mode=install_dep  elapsed=2.51s
2026-05-11 12:28:05,265 INFO OK  openforcefield/openforcefield  rrs=23.7  mode=install_dep  elapsed=3.3s
2026-05-11 12:28:06,406 INFO OK  BalzaniEdoardo/PGAM  rrs=23.3  mode=install_dep  elapsed=1.14s
2026-05-11 12:28:06,955 INFO OK  bokulich-lab/q2-fondue-examples  rrs=21.7  mode=install_dep  elapsed=0.55s
2026-05-11 12:28:07,426 INFO OK  phageghost/python-genome-browser  rrs=7.4  mode=install_dep  elapsed=0.47s
2026-05-11 12:28:08,146 INFO OK  QuantStack/ipyigv  rrs=31.5  mode=install_dep  elapsed=0.72s
2026-05-11 12:28:12,421 INFO OK  shuzhao-li/khipu  rrs=41.5  mode=install_dep  elapsed=4.27s
2026-05-11 12:28:13,239 INFO OK  indralab/gilda  rrs=58.1  mode=install_dep  elapsed=0.81s
2026-05-11 12:28:13,966 INFO OK  pchlenski/misdeed  rrs=41.9  mode=install_dep  elapsed=0.73s
2026-05-11 12:28:15,260 INFO OK  predictive-clinical-neuroscience/braincharts  rrs=7.7  mode=missing_data  elapsed=1.29s
2026-05-11 12:28:15,596 INFO OK  mdjaffardjy/Reuse_in_processes  rrs=0.0  mode=missing_data  elapsed=0.33s
2026-05-11 12:28:15,851 INFO OK  aidelarazan/curbage_recognition  rrs=0.0  mode=missing_data  elapsed=0.25s
2026-05-11 12:28:16,211 INFO OK  mlcotten13/SARS-CoV-2_spike_charge  rrs=0.0  mode=missing_data  elapsed=0.36s
2026-05-11 12:28:16,646 INFO OK  mahsa-mirzaei/NMAOP_M-M_wo-ZP-  rrs=0.0  mode=missing_data  elapsed=0.43s
2026-05-11 12:28:17,064 INFO OK  Dongwon-Lee/gkmQC-manuscript  rrs=0.0  mode=missing_data  elapsed=0.42s
2026-05-11 12:28:17,399 INFO OK  nahitorres/aerialwaste  rrs=0.0  mode=missing_data  elapsed=0.33s
2026-05-11 12:28:17,948 INFO OK  microsoft/genomicsnotebook  rrs=2.1  mode=missing_data  elapsed=0.55s
2026-05-11 12:28:18,338 INFO OK  rene2718/EIRINI_rnaseq  rrs=0.0  mode=missing_data  elapsed=0.39s
2026-05-11 12:28:19,043 INFO OK  OroLabStanford/SNP_Prioritization_Pipeline  rrs=0.0  mode=missing_data  elapsed=0.7s
2026-05-11 12:28:19,827 INFO OK  sjsabin/minion_hrp2_project  rrs=0.0  mode=missing_data  elapsed=0.78s
2026-05-11 12:28:20,263 INFO OK  syseng-ostrava/3-level-opinion-aggregation  rrs=0.0  mode=missing_data  elapsed=0.44s
2026-05-11 12:28:22,162 INFO OK  amehrjou/Pyfectious  rrs=19.6  mode=missing_data  elapsed=1.9s
2026-05-11 12:28:22,416 INFO OK  Garg-Lab/Sponge-and-dervied-Bacteria-Blank-Subtraction-2022  rrs=0.0  mode=missing_data  elapsed=0.25s
2026-05-11 12:28:23,433 INFO OK  sealx017/RCFGL  rrs=0.0  mode=missing_data  elapsed=1.01s
2026-05-11 12:28:23,833 INFO OK  WahlinLab/Retinal-Organoid-ATAC-RNAseq_Cells_2022  rrs=7.3  mode=missing_data  elapsed=0.4s
2026-05-11 12:28:24,146 INFO OK  vanheeringen-lab/ANANSE-CAGE  rrs=0.0  mode=missing_data  elapsed=0.31s
2026-05-11 12:28:27,244 INFO OK  impires/JupyterNotebooksECGData  rrs=0.0  mode=missing_data  elapsed=3.1s
2026-05-11 12:28:28,382 INFO OK  AllenCell/aics-segmentation  rrs=29.8  mode=missing_data  elapsed=1.14s
2026-05-11 12:28:28,648 INFO OK  gustavsganzerla/covid-biomarker  rrs=0.0  mode=missing_data  elapsed=0.26s
2026-05-11 12:28:29,706 INFO OK  Mangul-Lab-USC/pyTCR_publication  rrs=4.5  mode=missing_data  elapsed=1.06s
2026-05-11 12:28:30,491 INFO OK  robertacappabianca/SM_AuNP_PLGA  rrs=18.0  mode=missing_data  elapsed=0.78s
2026-05-11 12:28:31,123 INFO OK  jurgjn/af2_pockets  rrs=9.4  mode=missing_data  elapsed=0.63s
2026-05-11 12:28:31,378 INFO OK  cplata21210/UnityIndex  rrs=0.0  mode=missing_data  elapsed=0.25s
2026-05-11 12:28:32,184 INFO OK  abhamacher/timelapseMic_MbxA  rrs=3.0  mode=missing_data  elapsed=0.8s
2026-05-11 12:28:32,526 INFO OK  no85j/hypoxia_code  rrs=0.7  mode=missing_data  elapsed=0.34s
2026-05-11 12:28:34,315 INFO OK  Bob05757/Renewable-energy-generation-input-feature-variables-analysis  rrs=0.0  mode=missing_data  elapsed=1.79s
2026-05-11 12:28:35,667 INFO OK  neuroscout/pyNS  rrs=33.2  mode=missing_data  elapsed=1.35s
2026-05-11 12:28:35,670 WARNING SKIP apblair/CellLayers: timeout
2026-05-11 12:28:35,906 INFO OK  LucisQ/Rank-order  rrs=0.0  mode=missing_data  elapsed=0.24s
2026-05-11 12:28:36,227 INFO OK  mkelly9513/OV-Project-One  rrs=0.0  mode=missing_data  elapsed=0.32s
2026-05-11 12:28:36,504 INFO OK  ashrafilab/SynATP-Analysis  rrs=0.0  mode=missing_data  elapsed=0.27s
2026-05-11 12:28:37,139 INFO OK  mkturkcan/FeedbackCircuits  rrs=0.0  mode=missing_data  elapsed=0.63s
2026-05-11 12:28:38,910 INFO OK  bintulab/Spreading_Lensch_2022  rrs=0.0  mode=missing_data  elapsed=1.77s
2026-05-11 12:28:39,324 WARNING SCORE_ERROR bioexcel/biobb_remote: [Errno 2] No such file or directory: '/home/ti89cos/ti89cos_reproscore/reproscore_ablation/data/ablation_repos/bioexcel__biobb_remote/bin/credentials.py'
2026-05-11 12:28:40,062 INFO OK  Heidy-Elkhaligy/Comparative-Analysis-of-Structural-Features-in-SLiMs-from-Eukaryotes-Bacteria-and-Viruses  rrs=0.0  mode=missing_data  elapsed=0.74s
2026-05-11 12:28:41,338 INFO OK  engjen/cycIF_Validation  rrs=21.5  mode=missing_data  elapsed=1.27s
2026-05-11 12:28:42,284 INFO OK  Alex-Rosenberg/cell-2015  rrs=0.0  mode=missing_data  elapsed=0.94s
2026-05-11 12:28:42,670 INFO OK  helenamrusso/Malpighiaceae_supplementary  rrs=0.0  mode=missing_data  elapsed=0.38s
2026-05-11 12:28:42,910 INFO OK  d-que/Lig2Apo  rrs=0.0  mode=missing_data  elapsed=0.24s
2026-05-11 12:28:43,162 INFO OK  microsoft/fastmri-plus  rrs=10.8  mode=missing_data  elapsed=0.25s
2026-05-11 12:28:43,582 INFO OK  simslab/riboPLATE-seq  rrs=0.0  mode=missing_data  elapsed=0.42s
2026-05-11 12:28:43,930 INFO OK  luslab/ahr-tead-motif-analysis  rrs=24.7  mode=missing_data  elapsed=0.35s
2026-05-11 12:28:44,508 INFO OK  StaafLab/SRIQ  rrs=37.9  mode=missing_data  elapsed=0.58s
2026-05-11 12:28:45,317 INFO OK  berthubert/antonie2  rrs=31.7  mode=missing_data  elapsed=0.81s
2026-05-11 12:28:46,637 INFO OK  marvinm2/AOPWikiRDF  rrs=34.4  mode=missing_data  elapsed=1.32s
2026-05-11 12:28:48,484 INFO OK  arjun-ashoka/KKR_Spectral_Analysis  rrs=0.0  mode=missing_data  elapsed=1.85s
2026-05-11 12:28:49,051 INFO OK  rkamaleswaran/VOCpath  rrs=0.0  mode=missing_data  elapsed=0.56s
2026-05-11 12:28:49,480 INFO OK  arash-hajikhani/Bigprod_FOS  rrs=0.0  mode=missing_data  elapsed=0.43s
2026-05-11 12:28:50,154 INFO OK  BrendelGroup/iLoci_SLB22NARGB  rrs=6.9  mode=missing_data  elapsed=0.67s
2026-05-11 12:28:51,309 INFO OK  venkatkapil24/data_molecular_fluctuations  rrs=0.0  mode=missing_data  elapsed=1.15s
2026-05-11 12:28:51,983 INFO OK  jefflee1103/Lee_Wing-SARS2  rrs=0.0  mode=missing_data  elapsed=0.67s
2026-05-11 12:28:52,570 INFO OK  industrial-optimization-group/Interactive-Multiobjective-Optimization-for-Finding-the-Most-Suitable-Exercise-Therapy-in-Knee-Osteo  rrs=0.0  mode=missing_data  elapsed=0.58s
2026-05-11 12:28:52,984 INFO OK  jonascremer/lagtimemodeling  rrs=0.0  mode=missing_data  elapsed=0.41s
2026-05-11 12:28:53,785 INFO OK  protonzilla/Light-Potentials-in-Field  rrs=0.0  mode=missing_data  elapsed=0.8s
2026-05-11 12:28:54,213 INFO OK  smkirby/combinatoriality  rrs=0.0  mode=missing_data  elapsed=0.42s
2026-05-11 12:28:54,954 INFO OK  RaphaelWimmer/COVID-19-Mobility-vs-Mortality  rrs=2.6  mode=missing_data  elapsed=0.74s
2026-05-11 12:28:55,358 INFO OK  COSPOV/sc-SynO  rrs=13.4  mode=missing_data  elapsed=0.4s
2026-05-11 12:28:56,562 INFO OK  abyzovlab/CNVpytor  rrs=32.1  mode=missing_data  elapsed=1.2s
2026-05-11 12:28:57,217 INFO OK  ciminilab/2021_Jamali_submitted  rrs=0.0  mode=missing_data  elapsed=0.65s
2026-05-11 12:29:01,221 INFO OK  matchms/ms2deepscore  rrs=31.9  mode=missing_data  elapsed=4.0s
2026-05-11 12:29:09,352 INFO OK  duke-malaria-collaboratory/Sickle-trait-RNAseq  rrs=0.0  mode=missing_data  elapsed=8.13s
2026-05-11 12:29:10,058 INFO OK  twardlab/synapse_labeling  rrs=0.0  mode=missing_data  elapsed=0.7s
2026-05-11 12:29:11,947 INFO OK  lhqing/omb  rrs=0.0  mode=missing_data  elapsed=1.89s
2026-05-11 12:29:12,247 INFO OK  jessecanada/PTEN_Fly  rrs=0.0  mode=missing_data  elapsed=0.3s
2026-05-11 12:29:12,967 INFO OK  mwu228/Summer2021  rrs=0.0  mode=missing_data  elapsed=0.72s
2026-05-11 12:29:13,329 INFO OK  dbrvs/seeding  rrs=1.8  mode=missing_data  elapsed=0.36s
2026-05-11 12:29:13,834 INFO OK  SwissTPH/TBRU_RIFcost  rrs=28.7  mode=missing_data  elapsed=0.5s
2026-05-11 12:29:14,114 INFO OK  febos/urs_aminors  rrs=9.3  mode=missing_data  elapsed=0.28s
2026-05-11 12:29:15,740 INFO OK  shainalu/spatial_rep  rrs=0.0  mode=missing_data  elapsed=1.62s
2026-05-11 12:29:16,944 INFO OK  makism/dyconnmap  rrs=31.8  mode=missing_data  elapsed=1.2s
2026-05-11 12:29:19,186 INFO OK  ClancyLabUCD/Multitask_network  rrs=2.5  mode=missing_data  elapsed=2.24s
2026-05-11 12:29:19,543 INFO OK  ebmdatalab/antidepressant-trends-paper  rrs=0.0  mode=missing_data  elapsed=0.35s
2026-05-11 12:29:19,897 INFO OK  brettbj/association-robustness  rrs=0.0  mode=missing_data  elapsed=0.35s
2026-05-11 12:29:20,445 INFO OK  CompBioLj/GEMS_and_MEMS  rrs=0.0  mode=missing_data  elapsed=0.55s
2026-05-11 12:29:21,192 INFO OK  npavlovikj/ProkEvo  rrs=46.3  mode=missing_data  elapsed=0.74s
2026-05-11 12:29:21,823 INFO OK  harrispopgen/mushi-pipelines  rrs=0.8  mode=missing_data  elapsed=0.63s
2026-05-11 12:29:22,262 INFO OK  danielramskold/additive_risk_heterogeneity_multiplicative_risk_synergism2  rrs=0.0  mode=missing_data  elapsed=0.44s
2026-05-11 12:29:22,895 INFO OK  juliangruendner/criteria-based-selection-fhir  rrs=6.7  mode=missing_data  elapsed=0.63s
2026-05-11 12:29:23,302 INFO OK  maceng4/Monodelphis_Ladder_Rung  rrs=0.0  mode=missing_data  elapsed=0.4s
2026-05-11 12:29:23,920 INFO OK  nkinney06/dockerizedEBML  rrs=8.6  mode=missing_data  elapsed=0.62s
2026-05-11 12:29:24,240 INFO OK  perrierlab/Carlsen_et_al_2021  rrs=0.0  mode=missing_data  elapsed=0.32s
2026-05-11 12:29:25,554 INFO OK  maslov-group/ML_human_gut  rrs=0.0  mode=missing_data  elapsed=1.31s
2026-05-11 12:29:26,376 INFO OK  LM-UGent/SPeDE  rrs=9.3  mode=missing_data  elapsed=0.82s
2026-05-11 12:29:26,807 INFO OK  labtanaka/meyer_lungfish  rrs=2.6  mode=missing_data  elapsed=0.43s
2026-05-11 12:29:28,775 INFO OK  rivas-lab/biomarkers  rrs=7.6  mode=missing_data  elapsed=1.96s
2026-05-11 12:29:28,776 WARNING SKIP saigerutherford/evidence_embracing_nm: timeout
2026-05-11 12:29:29,629 INFO OK  mdjaffardjy/AnalyseDonneesNextflow  rrs=10.9  mode=missing_module  elapsed=0.85s
2026-05-11 12:29:31,343 INFO OK  ai4up/eubucco  rrs=44.7  mode=missing_module  elapsed=1.65s
2026-05-11 12:29:31,829 INFO OK  combio-dku/HiCAT  rrs=10.6  mode=missing_module  elapsed=0.48s
2026-05-11 12:29:38,805 INFO OK  jwrth/xDBiT_toolbox  rrs=38.2  mode=missing_module  elapsed=6.97s
2026-05-11 12:29:39,390 INFO OK  carlosvega/DebunkMonkeypoxML  rrs=9.3  mode=missing_module  elapsed=0.58s
2026-05-11 12:29:39,809 INFO OK  Bristol-UNCOVER/Saliva_data_ML_analysis  rrs=0.0  mode=missing_module  elapsed=0.42s
2026-05-11 12:30:06,838 INFO OK  csabaiBio/RBD-AlphaFold2-structures-and-phenotypic-information  rrs=2.4  mode=missing_module  elapsed=27.03s
2026-05-11 12:30:09,972 INFO OK  dchary/ucdeconvolve_paper  rrs=0.0  mode=missing_module  elapsed=3.13s
2026-05-11 12:30:10,574 INFO OK  hechaohong/nucleu_areas  rrs=0.0  mode=missing_module  elapsed=0.6s
2026-05-11 12:30:11,451 INFO OK  zmahnoor14/MAW-Benchmark  rrs=0.0  mode=missing_module  elapsed=0.87s
2026-05-11 12:30:11,679 INFO OK  rinikerlab/decapeptides-membrane  rrs=0.0  mode=missing_module  elapsed=0.23s
2026-05-11 12:30:13,123 INFO OK  fcphysics/CriticalityHeteroBNets  rrs=0.0  mode=missing_module  elapsed=1.44s
2026-05-11 12:30:14,317 INFO OK  rionbr/CANA  rrs=27.4  mode=missing_module  elapsed=1.19s
2026-05-11 12:30:16,350 INFO OK  theislab/paga  rrs=5.0  mode=missing_module  elapsed=2.03s
2026-05-11 12:30:19,841 INFO OK  BelgianBiodiversityPlatform/data-publication-ITG  rrs=0.0  mode=missing_module  elapsed=3.49s
2026-05-11 12:30:20,648 INFO OK  mme-ucl/confined_LLPS  rrs=0.0  mode=missing_module  elapsed=0.8s
2026-05-11 12:30:20,891 INFO OK  baprice/AJIVE-jDR-Integration  rrs=33.5  mode=missing_module  elapsed=0.24s
2026-05-11 12:30:21,173 INFO OK  atudell/Color-Cluster-Kit  rrs=0.0  mode=missing_module  elapsed=0.28s
2026-05-11 12:30:21,582 INFO OK  DWALab/Osterlund_et_al_2021_BIK_Localization  rrs=0.0  mode=missing_module  elapsed=0.41s
2026-05-11 12:30:22,371 INFO OK  gambit4348/deception-detection-review-2022  rrs=0.0  mode=missing_module  elapsed=0.79s
2026-05-11 12:30:22,981 INFO OK  gnn4dr/DRKG  rrs=0.0  mode=missing_module  elapsed=0.61s
2026-05-11 12:30:23,486 INFO OK  aos2/7_Plug_and_play_RNA_Detection  rrs=0.0  mode=missing_module  elapsed=0.5s
2026-05-11 12:30:25,668 INFO OK  aodn/imos-user-code-library  rrs=0.0  mode=missing_module  elapsed=2.18s
2026-05-11 12:30:28,046 INFO OK  klarman-cell-observatory/skin-ILCs  rrs=11.0  mode=missing_module  elapsed=2.37s
2026-05-11 12:30:30,763 INFO OK  zj-zhang/CHARM-AlternativeSplicing  rrs=10.6  mode=missing_module  elapsed=2.72s
2026-05-11 12:30:31,069 INFO OK  tnowotny/bee_al_2021  rrs=0.0  mode=missing_module  elapsed=0.31s
2026-05-11 12:30:33,114 INFO OK  Luthey-Schulten-Lab/Lattice_Microbes  rrs=27.4  mode=missing_module  elapsed=2.04s
2026-05-11 12:30:34,120 INFO OK  starchevskayamaria17/uncoVir  rrs=15.2  mode=missing_module  elapsed=1.0s
2026-05-11 12:30:34,312 INFO OK  hwei77/HeavyMetalML  rrs=0.0  mode=missing_module  elapsed=0.19s
2026-05-11 12:30:35,264 INFO OK  open2c/open2c_vignettes  rrs=0.0  mode=missing_module  elapsed=0.95s
2026-05-11 12:30:36,767 INFO OK  drummondlab/highly-charged-regions-2022  rrs=0.0  mode=missing_module  elapsed=1.5s
2026-05-11 12:30:37,863 INFO OK  jump-cellpainting/jump-scope-analysis  rrs=2.5  mode=missing_module  elapsed=1.09s
2026-05-11 12:30:38,400 INFO OK  statbiophys/thymic_development_2022  rrs=0.0  mode=missing_module  elapsed=0.54s
2026-05-11 12:30:38,962 INFO OK  cabooster/DeepCAD-RT  rrs=3.6  mode=missing_module  elapsed=0.56s
2026-05-11 12:30:39,564 INFO OK  dms-vep/SARS-CoV-2_Omicron_BA.1_spike_DMS_mAbs  rrs=17.3  mode=missing_module  elapsed=0.6s
2026-05-11 12:30:40,304 INFO OK  dms-vep/SARS-CoV-2_Delta_spike_DMS_REGN10933  rrs=17.2  mode=missing_module  elapsed=0.74s
2026-05-11 12:30:40,810 INFO OK  jbloomlab/SARS-CoV-2-BA.1_Spike_DMS_validations  rrs=6.9  mode=missing_module  elapsed=0.5s
2026-05-11 12:30:41,157 INFO OK  jbloomlab/SARS-CoV-2-Delta_Spike_DMS_validations  rrs=7.1  mode=missing_module  elapsed=0.35s
2026-05-11 12:30:41,226 INFO OK  jbloomlab/SARS2-mut-rates  rrs=0.0  mode=missing_module  elapsed=0.07s
2026-05-11 12:30:41,309 INFO OK  jbloomlab/SARS2-mut-fitness  rrs=0.0  mode=missing_module  elapsed=0.08s
2026-05-11 12:30:41,832 INFO OK  bioFAM/MEFISTO_tutorials  rrs=0.0  mode=missing_module  elapsed=0.52s
2026-05-11 12:30:42,527 INFO OK  coleygroup/dipolar_cycloaddition_dataset  rrs=27.0  mode=missing_module  elapsed=0.62s
2026-05-11 12:30:43,531 INFO OK  USEPA/CompTox-ExpoCast-SSAMetabolism  rrs=0.0  mode=missing_module  elapsed=1.0s
2026-05-11 12:30:44,809 INFO OK  zyliu-OU/McCall-Lab  rrs=0.0  mode=missing_module  elapsed=1.28s
2026-05-11 12:30:45,351 INFO OK  sukeniklab/Entropic_Force  rrs=0.0  mode=missing_module  elapsed=0.54s
2026-05-11 12:30:46,620 INFO OK  lcbb/3dRnaScaffoldedWireframeOrigami  rrs=0.0  mode=missing_module  elapsed=1.25s
2026-05-11 12:30:47,387 INFO OK  louwenjjr/mibig_classifications  rrs=1.9  mode=missing_module  elapsed=0.76s
2026-05-11 12:30:53,654 INFO OK  shenwanxiang/aggmap-megma  rrs=0.0  mode=missing_module  elapsed=6.27s
2026-05-11 12:30:53,932 INFO OK  dustoff06/Bankruptcy  rrs=0.0  mode=missing_module  elapsed=0.28s
2026-05-11 12:31:11,285 INFO OK  SebastianJarosch/ChipCytometry-Image-Processing  rrs=1.1  mode=missing_module  elapsed=17.35s
2026-05-11 12:31:11,712 INFO OK  DanChitwood/grapevine_rings  rrs=0.0  mode=missing_module  elapsed=0.42s
2026-05-11 12:31:12,508 INFO OK  rojas-mariano-salvador/Lethality-markers-for-COVID-19  rrs=0.0  mode=missing_module  elapsed=0.79s
2026-05-11 12:31:12,714 INFO OK  zwijnenburggroup/smilescombine  rrs=0.0  mode=missing_module  elapsed=0.2s
2026-05-11 12:31:13,478 INFO OK  AxelRolov/CO2_chemical_solvents  rrs=6.0  mode=missing_module  elapsed=0.73s
2026-05-11 12:31:14,264 INFO OK  galaxyproject/GTN-community-paper-2020  rrs=44.2  mode=missing_module  elapsed=0.78s
2026-05-11 12:31:15,394 INFO OK  maxvthof/EcN_model  rrs=8.2  mode=missing_module  elapsed=1.13s
2026-05-11 12:31:15,870 INFO OK  greglandrum/RSC_OpenScience_Standardization_202104  rrs=0.0  mode=missing_module  elapsed=0.47s
2026-05-11 12:31:16,498 INFO OK  rdkit/UGM_2020  rrs=28.9  mode=missing_module  elapsed=0.63s
2026-05-11 12:31:16,771 INFO OK  vdovale29/Hardness-Calculator  rrs=0.0  mode=missing_module  elapsed=0.27s
2026-05-11 12:31:18,318 INFO OK  ACEnglish/TruvariData  rrs=0.0  mode=missing_module  elapsed=1.55s
2026-05-11 12:31:19,479 INFO OK  triasteran/nonAUG_manuscript  rrs=0.0  mode=missing_module  elapsed=1.16s
2026-05-11 12:31:20,312 INFO OK  dvdylus/read2tree_paper  rrs=0.0  mode=missing_module  elapsed=0.83s
2026-05-11 12:31:20,841 INFO OK  eEcoLiDAR/AHN  rrs=0.0  mode=missing_module  elapsed=0.53s
2026-05-11 12:31:21,547 INFO OK  robertosanchezn/AS_hqMAGs  rrs=46.0  mode=missing_module  elapsed=0.7s
2026-05-11 12:31:22,725 INFO OK  jmvarberg/King_et_al_2022  rrs=0.0  mode=missing_module  elapsed=1.18s
2026-05-11 12:31:23,251 INFO OK  AlicjaNowakowska/ETNA  rrs=0.0  mode=missing_module  elapsed=0.52s
2026-05-11 12:31:24,564 INFO OK  zhanyinx/SPT_analysis  rrs=0.0  mode=missing_module  elapsed=1.31s
2026-05-11 12:31:25,040 INFO OK  cerlymarco/linear-tree  rrs=28.9  mode=missing_module  elapsed=0.47s
2026-05-11 12:31:31,160 INFO OK  adoebley/Griffin_analyses  rrs=0.0  mode=missing_module  elapsed=6.12s
2026-05-11 12:31:32,048 INFO OK  openforcefield/openff-qcsubmit  rrs=19.4  mode=missing_module  elapsed=0.89s
2026-05-11 12:31:32,712 INFO OK  adelavega/neurosynth-lfc  rrs=0.0  mode=missing_module  elapsed=0.66s
2026-05-11 12:31:32,958 INFO OK  SimEA-ERA/NANOMEC  rrs=0.0  mode=missing_module  elapsed=0.24s
2026-05-11 12:31:33,784 INFO OK  mfitzsimmons44/Observing-Flow-with-He-II  rrs=7.0  mode=missing_module  elapsed=0.82s
2026-05-11 12:31:34,239 INFO OK  KULL-Centre/_2022_Norrild_GMMA_TRX  rrs=0.0  mode=missing_module  elapsed=0.45s
2026-05-11 12:31:34,708 INFO OK  KULL-Centre/ProteinUnfolding2D  rrs=0.0  mode=missing_module  elapsed=0.47s
2026-05-11 12:31:37,723 INFO OK  malariagen/malariagen-data-python  rrs=38.7  mode=missing_module  elapsed=3.01s
2026-05-11 12:31:39,113 INFO OK  mkient/fruitless_report  rrs=2.9  mode=missing_module  elapsed=1.39s
2026-05-11 12:31:39,331 INFO OK  StitesLab/KRASG12C-WT  rrs=0.0  mode=missing_module  elapsed=0.22s
2026-05-11 12:31:39,518 INFO OK  andrewlehr/loihi_parameter_tuning_dashboard  rrs=5.1  mode=missing_module  elapsed=0.19s
2026-05-11 12:31:39,817 INFO OK  sagacitysite/brian2_loihi_utils  rrs=0.0  mode=missing_module  elapsed=0.3s
2026-05-11 12:31:40,201 INFO OK  andrewlehr/Brian2Loihi_SpreizerNet  rrs=1.8  mode=missing_module  elapsed=0.38s
2026-05-11 12:31:40,438 INFO OK  Winnus/Brian2Loihi_SSSP  rrs=2.0  mode=missing_module  elapsed=0.23s
2026-05-11 12:31:41,545 INFO OK  wschuell/repo_datasets  rrs=3.0  mode=missing_module  elapsed=1.1s
2026-05-11 12:31:41,864 INFO OK  lzhengchun/BraggNN  rrs=0.0  mode=missing_module  elapsed=0.32s
2026-05-11 12:31:42,695 INFO OK  MareikeBerger/Cellcycle  rrs=24.7  mode=missing_module  elapsed=0.83s
2026-05-11 12:31:43,022 INFO OK  ICAN-aneurysms/RIA-predict  rrs=35.3  mode=success  elapsed=0.33s
2026-05-11 12:31:43,328 INFO OK  imaginationdykim/2022.CC  rrs=0.0  mode=success  elapsed=0.3s
2026-05-11 12:31:44,697 INFO OK  Draviam-lab/spinx_local  rrs=0.0  mode=success  elapsed=1.37s
2026-05-11 12:31:44,931 INFO OK  ucph-rka/ScreenDB  rrs=3.9  mode=success  elapsed=0.23s
2026-05-11 12:31:45,464 INFO OK  lstrgar/seg-eval  rrs=0.0  mode=success  elapsed=0.53s
2026-05-11 12:31:45,815 INFO OK  shenwanxiang/metageomic_datasets  rrs=0.0  mode=success  elapsed=0.35s
2026-05-11 12:31:46,189 INFO OK  burdalab/TREA  rrs=0.0  mode=success  elapsed=0.37s
2026-05-11 12:31:46,574 INFO OK  pauljaffe/lumos-ncpt-tools  rrs=43.2  mode=success  elapsed=0.38s
2026-05-11 12:31:47,910 INFO OK  ammarcsj/ecoli_survival_scoring  rrs=9.9  mode=success  elapsed=1.33s
2026-05-11 12:31:48,411 INFO OK  Surabhivj/BRANEnet  rrs=0.0  mode=success  elapsed=0.5s
2026-05-11 12:31:48,643 INFO OK  SantanderMetGroup/2022_Iturbide_FAIRprinciplesIPCC  rrs=6.1  mode=success  elapsed=0.23s
2026-05-11 12:31:49,204 INFO OK  PGLSanchez/EMBL_OscillationsAnalysis  rrs=0.0  mode=success  elapsed=0.56s
2026-05-11 12:31:50,285 INFO OK  deriteidavid/boolean2pew  rrs=0.0  mode=success  elapsed=1.08s
2026-05-11 12:31:50,952 INFO OK  hshimlab/CRISPR-Cas-interaction  rrs=0.0  mode=success  elapsed=0.66s
2026-05-11 12:31:51,308 INFO OK  c6gonzalez/IBD200  rrs=0.0  mode=success  elapsed=0.35s
2026-05-11 12:31:51,646 INFO OK  LeonBondeLarsen/tsne_classifier  rrs=0.0  mode=success  elapsed=0.33s
2026-05-11 12:31:51,974 INFO OK  QuantitativeVirology/2D-Colocalization  rrs=0.0  mode=success  elapsed=0.33s
2026-05-11 12:31:53,127 INFO OK  loosolab/TF-COMB  rrs=39.0  mode=success  elapsed=1.15s
2026-05-11 12:31:54,667 INFO OK  carpentries-incubator/ml4bio-workshop  rrs=20.8  mode=success  elapsed=1.54s
2026-05-11 12:31:55,376 INFO OK  sccnlab/PyMVPD_LITE  rrs=40.4  mode=success  elapsed=0.71s
2026-05-11 12:31:55,947 INFO OK  kwikteam/npy-matlab  rrs=0.0  mode=success  elapsed=0.57s
2026-05-11 12:31:59,966 INFO OK  SimonBirrell/dep-control  rrs=0.0  mode=success  elapsed=4.02s
2026-05-11 12:32:00,442 INFO OK  JonathanShor/DoubletDetection  rrs=27.8  mode=success  elapsed=0.47s
2026-05-11 12:32:01,104 INFO OK  urmi-21/PlncPRO  rrs=47.2  mode=success  elapsed=0.66s
2026-05-11 12:32:01,974 INFO OK  MannLabs/structuremap  rrs=17.3  mode=success  elapsed=0.87s
2026-05-11 12:32:02,334 INFO OK  TauferLab/Src_Metabolomics  rrs=4.5  mode=success  elapsed=0.36s
2026-05-11 12:32:02,335 WARNING SKIP danylodanylo/math-model-epileptogenesis: timeout
2026-05-11 12:32:02,580 INFO OK  bwicky/covid_nAb_sensor_simulation  rrs=13.5  mode=success  elapsed=0.24s
2026-05-11 12:32:04,678 INFO OK  BuildACell/BioCRNPyler  rrs=50.4  mode=success  elapsed=2.1s
2026-05-11 12:32:06,734 INFO OK  BuildACell/BioCRNpyler  rrs=50.4  mode=success  elapsed=2.05s
2026-05-11 12:32:08,690 INFO OK  BuildACell/bioCRNpyler  rrs=50.4  mode=success  elapsed=1.95s
2026-05-11 12:32:09,038 INFO OK  rjbrewin/Two-community-phyto-model  rrs=0.0  mode=success  elapsed=0.35s
2026-05-11 12:32:09,907 INFO OK  schreiber-lab/mlreflect  rrs=8.1  mode=success  elapsed=0.87s
2026-05-11 12:32:09,909 WARNING SKIP impires/JupyterNotebooksMotionlessActivities: timeout
2026-05-11 12:32:10,776 INFO OK  neherlab/treetime  rrs=40.2  mode=success  elapsed=0.87s
2026-05-11 12:32:12,601 INFO OK  HenriquesLab/ZeroCostDL4Mic  rrs=30.1  mode=success  elapsed=1.82s
2026-05-11 12:32:12,944 INFO OK  AnnaBonkhoff/Predict_severe_complications_after_stroke  rrs=0.0  mode=success  elapsed=0.34s
2026-05-11 12:32:13,482 INFO OK  harripd/H2MMpythonlib  rrs=31.7  mode=success  elapsed=0.54s
2026-05-11 12:32:13,742 INFO OK  sankyoh/Tokyo2020_COVID19  rrs=0.8  mode=success  elapsed=0.26s
2026-05-11 12:32:14,450 INFO OK  somathias/cbmos  rrs=0.0  mode=success  elapsed=0.71s
2026-05-11 12:32:15,231 INFO OK  msmdev/pyGPCCA  rrs=20.0  mode=success  elapsed=0.78s
2026-05-11 12:32:15,720 INFO OK  SimonsonLab/VirtualHE_examples  rrs=4.1  mode=success  elapsed=0.49s
2026-05-11 12:32:16,051 INFO OK  vanvalenlab/intro-to-deepcell  rrs=1.1  mode=success  elapsed=0.33s
2026-05-11 12:32:16,665 INFO OK  qLSLab/GPRuler  rrs=6.7  mode=success  elapsed=0.61s
2026-05-11 12:32:16,902 INFO OK  DaigoOkada/kernel_deef_tutorial  rrs=0.0  mode=success  elapsed=0.24s
2026-05-11 12:32:17,868 INFO OK  timsainb/noisereduce  rrs=33.1  mode=success  elapsed=0.96s
2026-05-11 12:32:18,343 INFO OK  fides-dev/fides  rrs=21.8  mode=success  elapsed=0.47s
2026-05-11 12:32:19,207 INFO OK  BlueBrain/BluePyEfe  rrs=17.3  mode=success  elapsed=0.86s
2026-05-11 12:32:21,073 INFO OK  drazen-petrov/SMArt  rrs=3.4  mode=success  elapsed=1.86s
2026-05-11 12:32:24,295 INFO OK  AlDanial/cloc  rrs=37.5  mode=success  elapsed=3.22s
2026-05-11 12:32:24,933 INFO OK  EAndrade-Lotero/SODCL  rrs=0.0  mode=success  elapsed=0.64s
2026-05-11 12:32:25,350 INFO OK  machenslab/dPCA  rrs=0.0  mode=success  elapsed=0.41s
2026-05-11 12:32:25,941 INFO OK  gerstung-lab/tensorsignatures  rrs=53.3  mode=success  elapsed=0.59s
2026-05-11 12:32:26,158 INFO OK  ycliu1987/Paper-of-SERS-for-Ammonia  rrs=0.0  mode=success  elapsed=0.22s
2026-05-11 12:32:26,564 INFO OK  galaxyproject/TIS_methods_review  rrs=3.0  mode=success  elapsed=0.4s
2026-05-11 12:32:26,952 INFO OK  brenna-levine/atrox_LTSS  rrs=4.2  mode=success  elapsed=0.39s
2026-05-11 12:32:27,553 INFO OK  SEpapoulis/ODElib  rrs=37.7  mode=success  elapsed=0.6s
2026-05-11 12:32:28,334 INFO OK  LauraKateYoung/ERICA  rrs=9.8  mode=success  elapsed=0.78s
2026-05-11 12:32:28,719 INFO OK  thrash-lab/sparse-growth-curve  rrs=10.1  mode=success  elapsed=0.38s
2026-05-11 12:32:29,123 INFO OK  philip-mach/herd-immunity  rrs=0.0  mode=success  elapsed=0.4s
2026-05-11 12:32:30,928 INFO OK  poldracklab/mriqc  rrs=34.4  mode=success  elapsed=1.8s
2026-05-11 12:32:31,338 INFO OK  cristinagwilson/data-foraging-in-human-robot-teams  rrs=2.4  mode=success  elapsed=0.41s
2026-05-11 12:32:31,618 INFO OK  georgiarichards/CatalogueofOpioids  rrs=2.8  mode=success  elapsed=0.28s
2026-05-11 12:32:32,037 INFO OK  zechnerlab/Compartor  rrs=42.0  mode=success  elapsed=0.42s
2026-05-11 12:32:32,355 INFO OK  wesleymsmith/MembraneFootprintInteractionModel  rrs=0.0  mode=success  elapsed=0.32s
2026-05-11 12:32:33,140 INFO OK  dib-lab/2020-workflows-paper  rrs=16.2  mode=success  elapsed=0.78s
2026-05-11 12:32:33,640 INFO OK  nselem/ActDES  rrs=8.2  mode=success  elapsed=0.5s
2026-05-11 12:32:34,431 INFO OK  mbeisen/Berrocal_2020  rrs=0.0  mode=success  elapsed=0.79s
2026-05-11 12:32:34,978 INFO OK  SBRG/precise-db  rrs=19.0  mode=success  elapsed=0.54s
2026-05-11 12:32:36,763 INFO OK  elifesciences-publications/Ergodic-Information-Harvesting  rrs=40.2  mode=success  elapsed=1.78s
2026-05-11 12:32:38,545 INFO OK  MacIver-Lab/Ergodic-Information-Harvesting  rrs=40.2  mode=success  elapsed=1.78s
2026-05-11 12:32:43,920 INFO OK  nlapier2/metalign_paper_replication  rrs=3.7  mode=success  elapsed=5.37s
2026-05-11 12:32:44,412 INFO OK  eteitelb/coldTubeData  rrs=0.0  mode=success  elapsed=0.49s
2026-05-11 12:32:44,787 INFO OK  diatomsRcool/butterfly  rrs=0.0  mode=success  elapsed=0.37s
2026-05-11 12:32:54,211 INFO OK  jzook/genome-data-integration  rrs=2.7  mode=success  elapsed=9.42s
2026-05-11 12:32:55,151 INFO OK  tolliob/PhasePortrait  rrs=8.7  mode=success  elapsed=0.94s
2026-05-11 12:32:56,169 INFO OK  ccdmb/BioDendro  rrs=37.7  mode=success  elapsed=1.02s
2026-05-11 12:32:56,921 INFO OK  Gorbalenya-Lab/hh-suite-notebooks  rrs=13.0  mode=success  elapsed=0.75s
2026-05-11 12:32:57,528 INFO OK  yingqiuz/SIR_simulator  rrs=5.6  mode=success  elapsed=0.6s
2026-05-11 12:32:58,895 INFO OK  G-Node/python-odml  rrs=32.2  mode=success  elapsed=1.36s
2026-05-11 12:32:59,346 INFO OK  cimcb/MetabSimpleQcViz  rrs=12.7  mode=success  elapsed=0.45s
2026-05-11 12:32:59,812 INFO OK  letsop/cemone  rrs=0.0  mode=success  elapsed=0.46s
2026-05-11 12:33:00,359 INFO OK  rasbt/watermark  rrs=44.2  mode=success  elapsed=0.54s
2026-05-11 12:33:00,809 INFO OK  jupyter-guide/jupyter-guide  rrs=6.5  mode=success  elapsed=0.45s
2026-05-11 12:33:01,233 INFO OK  ivanzhovannik/radiomics_correction_CTSNR  rrs=0.0  mode=success  elapsed=0.42s
2026-05-11 12:33:01,979 INFO OK  greenelab/deep-review  rrs=21.4  mode=success  elapsed=0.74s
